{"uuid": "b07716682c", "type": "header", "module": "tlo.simulation", "key": "info", "level": "INFO", "columns": {"message": "str"}, "description": null}
{"uuid": "b07716682c", "date": "2010-01-01T00:00:00", "values": ["Log output: profiling_results/2023/12/01/0836/scale_run_profiling__2023-12-01T083646.log"]}
{"uuid": "b07716682c", "date": "2010-01-01T00:00:00", "values": ["Simulation RNG user entropy = 0"]}
{"uuid": "b07716682c", "date": "2010-01-01T00:00:00", "values": ["Demography RNG auto (entropy, spawn key) = (0, 0)"]}
{"uuid": "b07716682c", "date": "2010-01-01T00:00:00", "values": ["Lifestyle RNG auto (entropy, spawn key) = (0, 1)"]}
{"uuid": "b07716682c", "date": "2010-01-01T00:00:00", "values": ["HealthBurden RNG auto (entropy, spawn key) = (0, 2)"]}
{"uuid": "b07716682c", "date": "2010-01-01T00:00:00", "values": ["HealthSystem RNG auto (entropy, spawn key) = (0, 3)"]}
{"uuid": "b07716682c", "date": "2010-01-01T00:00:00", "values": ["SymptomManager RNG auto (entropy, spawn key) = (0, 4)"]}
{"uuid": "b07716682c", "date": "2010-01-01T00:00:00", "values": ["HealthSeekingBehaviour RNG auto (entropy, spawn key) = (0, 5)"]}
{"uuid": "b07716682c", "date": "2010-01-01T00:00:00", "values": ["Epi RNG auto (entropy, spawn key) = (0, 6)"]}
{"uuid": "b07716682c", "date": "2010-01-01T00:00:00", "values": ["Contraception RNG auto (entropy, spawn key) = (0, 7)"]}
{"uuid": "b07716682c", "date": "2010-01-01T00:00:00", "values": ["CardioMetabolicDisorders RNG auto (entropy, spawn key) = (0, 8)"]}
{"uuid": "b07716682c", "date": "2010-01-01T00:00:00", "values": ["Hiv RNG auto (entropy, spawn key) = (0, 9)"]}
{"uuid": "b07716682c", "date": "2010-01-01T00:00:00", "values": ["Malaria RNG auto (entropy, spawn key) = (0, 10)"]}
{"uuid": "b07716682c", "date": "2010-01-01T00:00:00", "values": ["PregnancySupervisor RNG auto (entropy, spawn key) = (0, 11)"]}
{"uuid": "b07716682c", "date": "2010-01-01T00:00:00", "values": ["CareOfWomenDuringPregnancy RNG auto (entropy, spawn key) = (0, 12)"]}
{"uuid": "b07716682c", "date": "2010-01-01T00:00:00", "values": ["NewbornOutcomes RNG auto (entropy, spawn key) = (0, 13)"]}
{"uuid": "b07716682c", "date": "2010-01-01T00:00:00", "values": ["Wasting RNG auto (entropy, spawn key) = (0, 14)"]}
{"uuid": "b07716682c", "date": "2010-01-01T00:00:00", "values": ["Diarrhoea RNG auto (entropy, spawn key) = (0, 15)"]}
{"uuid": "b07716682c", "date": "2010-01-01T00:00:00", "values": ["Stunting RNG auto (entropy, spawn key) = (0, 16)"]}
{"uuid": "b07716682c", "date": "2010-01-01T00:00:00", "values": ["Labour RNG auto (entropy, spawn key) = (0, 17)"]}
{"uuid": "b07716682c", "date": "2010-01-01T00:00:00", "values": ["PostnatalSupervisor RNG auto (entropy, spawn key) = (0, 18)"]}
{"uuid": "b07716682c", "date": "2010-01-01T00:00:00", "values": ["Alri RNG auto (entropy, spawn key) = (0, 19)"]}
{"uuid": "b07716682c", "date": "2010-01-01T00:00:00", "values": ["Measles RNG auto (entropy, spawn key) = (0, 20)"]}
{"uuid": "b07716682c", "date": "2010-01-01T00:00:00", "values": ["Schisto RNG auto (entropy, spawn key) = (0, 21)"]}
{"uuid": "b07716682c", "date": "2010-01-01T00:00:00", "values": ["Tb RNG auto (entropy, spawn key) = (0, 22)"]}
{"uuid": "b07716682c", "date": "2010-01-01T00:00:00", "values": ["BladderCancer RNG auto (entropy, spawn key) = (0, 23)"]}
{"uuid": "b07716682c", "date": "2010-01-01T00:00:00", "values": ["BreastCancer RNG auto (entropy, spawn key) = (0, 24)"]}
{"uuid": "b07716682c", "date": "2010-01-01T00:00:00", "values": ["OesophagealCancer RNG auto (entropy, spawn key) = (0, 25)"]}
{"uuid": "b07716682c", "date": "2010-01-01T00:00:00", "values": ["OtherAdultCancer RNG auto (entropy, spawn key) = (0, 26)"]}
{"uuid": "b07716682c", "date": "2010-01-01T00:00:00", "values": ["ProstateCancer RNG auto (entropy, spawn key) = (0, 27)"]}
{"uuid": "b07716682c", "date": "2010-01-01T00:00:00", "values": ["RTI RNG auto (entropy, spawn key) = (0, 28)"]}
{"uuid": "b07716682c", "date": "2010-01-01T00:00:00", "values": ["Copd RNG auto (entropy, spawn key) = (0, 29)"]}
{"uuid": "b07716682c", "date": "2010-01-01T00:00:00", "values": ["Depression RNG auto (entropy, spawn key) = (0, 30)"]}
{"uuid": "b07716682c", "date": "2010-01-01T00:00:00", "values": ["Epilepsy RNG auto (entropy, spawn key) = (0, 31)"]}
{"uuid": "dc8474b6b3", "type": "header", "module": "tlo.population", "key": "info", "level": "INFO", "columns": {"message": "str"}, "description": null}
{"uuid": "dc8474b6b3", "date": "2010-01-01T00:00:00", "values": ["Dataframe capacity append size: 1000"]}
{"uuid": "b07716682c", "date": "2010-01-01T00:00:00", "values": ["make_initial_population() 42.75827646255493 s"]}
{"uuid": "e9a19fe1f9", "type": "header", "module": "tlo.methods.demography", "key": "scaling_factor", "level": "WARNING", "columns": {"scaling_factor": "float64"}, "description": "The data-to-model scaling factor (based on the initial population size, used to multiply-up results so that they correspond to the real population size."}
{"uuid": "e9a19fe1f9", "date": "2010-01-01T00:00:00", "values": [290.79218000000003]}
{"uuid": "072090a41b", "type": "header", "module": "tlo.methods.population", "key": "scaling_factor", "level": "WARNING", "columns": {"scaling_factor": "float64"}, "description": "The data-to-model scaling factor (based on the initial population size, used to multiply-up results so that they correspond to the real population size."}
{"uuid": "072090a41b", "date": "2010-01-01T00:00:00", "values": [290.79218000000003]}
{"uuid": "d5de3a8063", "type": "header", "module": "tlo.profiling", "key": "stats", "level": "INFO", "columns": {"time": "str", "duration": "float", "alive": "int64", "total": "int"}, "description": null}
{"uuid": "d5de3a8063", "date": "2010-01-01T00:00:00", "values": ["2023-12-01T08:37:47.818666", 0.08822465340296427, 50000, 50000]}
{"uuid": "dc8474b6b3", "date": "2010-01-01T00:00:00", "values": ["Increased capacity of population dataframe to 51000"]}
{"uuid": "d5de3a8063", "date": "2010-04-01T00:00:00", "values": ["2023-12-01T09:09:32.972813", 31.752569150924682, 50333, 51000]}
{"uuid": "d5de3a8063", "date": "2010-07-01T00:00:00", "values": ["2023-12-01T09:34:05.081627", 24.535146915912627, 50684, 51000]}
{"uuid": "dc8474b6b3", "date": "2010-07-09T00:00:00", "values": ["Increased capacity of population dataframe to 52000"]}
{"uuid": "63d828121b", "type": "header", "module": "tlo.methods.rti", "key": "warning", "level": "WARNING", "columns": {"message": "str"}, "description": null}
{"uuid": "63d828121b", "date": "2010-08-10T00:00:00", "values": ["rt disability < 0 in rti_alter_daly_post_treatment"]}
{"uuid": "d5de3a8063", "date": "2010-10-01T00:00:00", "values": ["2023-12-01T09:59:26.511135", 25.35715845425924, 51223, 52000]}
{"uuid": "1e86f25803", "type": "header", "module": "tlo.methods.healthsystem", "key": "message", "level": "WARNING", "columns": {"message": "str"}, "description": null}
{"uuid": "1e86f25803", "date": "2010-11-21T00:00:00", "values": ["Tb_Test_Screening actual_footprint requires differentofficers than expected_footprint."]}
{"uuid": "dc8474b6b3", "date": "2010-11-29T00:00:00", "values": ["Increased capacity of population dataframe to 53000"]}
{"uuid": "d5de3a8063", "date": "2011-01-01T00:00:00", "values": ["2023-12-01T10:26:58.516192", 27.53341763019562, 51666, 53000]}
{"uuid": "90f526bf10", "type": "header", "module": "tlo.methods.hiv", "key": "message", "level": "WARNING", "columns": {"message": "str"}, "description": null}
{"uuid": "90f526bf10", "date": "2011-02-02T00:00:00", "values": ["This event should not be running, Hiv_DecisionToContinueTreatment is for those already on tx"]}
{"uuid": "1e86f25803", "date": "2011-02-09T00:00:00", "values": ["Tb_Test_Screening actual_footprint requires differentofficers than expected_footprint."]}
{"uuid": "1e86f25803", "date": "2011-03-28T00:00:00", "values": ["Tb_Test_FollowUp actual_footprint requires differentofficers than expected_footprint."]}
{"uuid": "d5de3a8063", "date": "2011-04-01T00:00:00", "values": ["2023-12-01T10:55:56.823050", 28.9717809677124, 52098, 53000]}
{"uuid": "90f526bf10", "date": "2011-04-30T00:00:00", "values": ["This event should not be running, Hiv_DecisionToContinueTreatment is for those already on tx"]}
{"uuid": "dc8474b6b3", "date": "2011-05-09T00:00:00", "values": ["Increased capacity of population dataframe to 54000"]}
{"uuid": "d5de3a8063", "date": "2011-07-01T00:00:00", "values": ["2023-12-01T11:23:21.020078", 27.40328381061554, 52473, 54000]}
{"uuid": "90f526bf10", "date": "2011-08-22T00:00:00", "values": ["This event should not be running, Hiv_DecisionToContinueTreatment is for those already on tx"]}
{"uuid": "d5de3a8063", "date": "2011-10-01T00:00:00", "values": ["2023-12-01T11:50:22.680405", 27.02767211596171, 52838, 54000]}
{"uuid": "dc8474b6b3", "date": "2011-11-01T00:00:00", "values": ["Increased capacity of population dataframe to 55000"]}
{"uuid": "90f526bf10", "date": "2011-11-29T00:00:00", "values": ["This event should not be running, Hiv_DecisionToContinueTreatment is for those already on tx"]}
{"uuid": "d5de3a8063", "date": "2012-01-01T00:00:00", "values": ["2023-12-01T12:16:44.358609", 26.36130339304606, 53218, 55000]}
{"uuid": "1e86f25803", "date": "2012-01-05T00:00:00", "values": ["Tb_Test_FollowUp actual_footprint requires differentofficers than expected_footprint."]}
{"uuid": "90f526bf10", "date": "2012-02-23T00:00:00", "values": ["This event should not be running, Hiv_DecisionToContinueTreatment is for those already on tx"]}
{"uuid": "90f526bf10", "date": "2012-02-24T00:00:00", "values": ["This event should not be running, Hiv_DecisionToContinueTreatment is for those already on tx"]}
{"uuid": "90f526bf10", "date": "2012-03-08T00:00:00", "values": ["This event should not be running, Hiv_DecisionToContinueTreatment is for those already on tx"]}
{"uuid": "90f526bf10", "date": "2012-03-18T00:00:00", "values": ["This event should not be running, Hiv_DecisionToContinueTreatment is for those already on tx"]}
{"uuid": "d5de3a8063", "date": "2012-04-01T00:00:00", "values": ["2023-12-01T12:45:32.907941", 28.809155523777008, 53652, 55000]}
{"uuid": "63d828121b", "date": "2012-04-11T00:00:00", "values": ["rt disability < 0 in rti_alter_daly_post_treatment"]}
{"uuid": "90f526bf10", "date": "2012-04-14T00:00:00", "values": ["This event should not be running, Hiv_DecisionToContinueTreatment is for those already on tx"]}
{"uuid": "dc8474b6b3", "date": "2012-04-18T00:00:00", "values": ["Increased capacity of population dataframe to 56000"]}
{"uuid": "90f526bf10", "date": "2012-04-24T00:00:00", "values": ["This event should not be running, Hiv_DecisionToContinueTreatment is for those already on tx"]}
{"uuid": "90f526bf10", "date": "2012-05-03T00:00:00", "values": ["This event should not be running, Hiv_DecisionToContinueTreatment is for those already on tx"]}
{"uuid": "90f526bf10", "date": "2012-05-08T00:00:00", "values": ["This event should not be running, Hiv_DecisionToContinueTreatment is for those already on tx"]}
{"uuid": "90f526bf10", "date": "2012-06-03T00:00:00", "values": ["This event should not be running, Hiv_DecisionToContinueTreatment is for those already on tx"]}
{"uuid": "90f526bf10", "date": "2012-06-12T00:00:00", "values": ["This event should not be running, Hiv_DecisionToContinueTreatment is for those already on tx"]}
{"uuid": "d5de3a8063", "date": "2012-07-01T00:00:00", "values": ["2023-12-01T13:14:34.013057", 29.018418594201407, 54087, 56000]}
{"uuid": "1e86f25803", "date": "2012-07-26T00:00:00", "values": ["Tb_Test_Screening actual_footprint requires differentofficers than expected_footprint."]}
{"uuid": "90f526bf10", "date": "2012-07-28T00:00:00", "values": ["This event should not be running, Hiv_DecisionToContinueTreatment is for those already on tx"]}
{"uuid": "90f526bf10", "date": "2012-07-30T00:00:00", "values": ["This event should not be running, Hiv_DecisionToContinueTreatment is for those already on tx"]}
{"uuid": "dc8474b6b3", "date": "2012-09-22T00:00:00", "values": ["Increased capacity of population dataframe to 57000"]}
{"uuid": "90f526bf10", "date": "2012-09-23T00:00:00", "values": ["This event should not be running, Hiv_DecisionToContinueTreatment is for those already on tx"]}
{"uuid": "90f526bf10", "date": "2012-09-30T00:00:00", "values": ["This event should not be running, Hiv_DecisionToContinueTreatment is for those already on tx"]}
{"uuid": "d5de3a8063", "date": "2012-10-01T00:00:00", "values": ["2023-12-01T13:43:58.949046", 29.41559982697169, 54534, 57000]}
{"uuid": "90f526bf10", "date": "2012-10-13T00:00:00", "values": ["This event should not be running, Hiv_DecisionToContinueTreatment is for those already on tx"]}
{"uuid": "90f526bf10", "date": "2012-10-22T00:00:00", "values": ["This event should not be running, Hiv_DecisionToContinueTreatment is for those already on tx"]}
{"uuid": "90f526bf10", "date": "2012-11-30T00:00:00", "values": ["This event should not be running, Hiv_DecisionToContinueTreatment is for those already on tx"]}
{"uuid": "90f526bf10", "date": "2012-12-01T00:00:00", "values": ["This event should not be running, Hiv_DecisionToContinueTreatment is for those already on tx"]}
{"uuid": "90f526bf10", "date": "2012-12-11T00:00:00", "values": ["This event should not be running, Hiv_DecisionToContinueTreatment is for those already on tx"]}
{"uuid": "90f526bf10", "date": "2012-12-18T00:00:00", "values": ["This event should not be running, Hiv_DecisionToContinueTreatment is for those already on tx"]}
{"uuid": "90f526bf10", "date": "2012-12-24T00:00:00", "values": ["This event should not be running, Hiv_DecisionToContinueTreatment is for those already on tx"]}
{"uuid": "d5de3a8063", "date": "2013-01-01T00:00:00", "values": ["2023-12-01T14:11:59.844925", 28.014931309223176, 54918, 57000]}
{"uuid": "90f526bf10", "date": "2013-01-12T00:00:00", "values": ["This event should not be running, Hiv_DecisionToContinueTreatment is for those already on tx"]}
{"uuid": "90f526bf10", "date": "2013-01-24T00:00:00", "values": ["This event should not be running, Hiv_DecisionToContinueTreatment is for those already on tx"]}
{"uuid": "90f526bf10", "date": "2013-02-01T00:00:00", "values": ["This event should not be running, Hiv_DecisionToContinueTreatment is for those already on tx"]}
{"uuid": "90f526bf10", "date": "2013-02-09T00:00:00", "values": ["This event should not be running, Hiv_DecisionToContinueTreatment is for those already on tx"]}
{"uuid": "90f526bf10", "date": "2013-02-11T00:00:00", "values": ["This event should not be running, Hiv_DecisionToContinueTreatment is for those already on tx"]}
{"uuid": "dc8474b6b3", "date": "2013-03-08T00:00:00", "values": ["Increased capacity of population dataframe to 58000"]}
{"uuid": "90f526bf10", "date": "2013-03-11T00:00:00", "values": ["This event should not be running, Hiv_DecisionToContinueTreatment is for those already on tx"]}
{"uuid": "90f526bf10", "date": "2013-03-12T00:00:00", "values": ["This event should not be running, Hiv_DecisionToContinueTreatment is for those already on tx"]}
{"uuid": "90f526bf10", "date": "2013-03-22T00:00:00", "values": ["This event should not be running, Hiv_DecisionToContinueTreatment is for those already on tx"]}
{"uuid": "d5de3a8063", "date": "2013-04-01T00:00:00", "values": ["2023-12-01T14:43:10.576701", 31.17886294921239, 55352, 58000]}
{"uuid": "90f526bf10", "date": "2013-04-06T00:00:00", "values": ["This event should not be running, Hiv_DecisionToContinueTreatment is for those already on tx"]}
{"uuid": "63d828121b", "date": "2013-05-10T00:00:00", "values": ["rt disability < 0 in rti_alter_daly_post_treatment"]}
{"uuid": "90f526bf10", "date": "2013-05-11T00:00:00", "values": ["This event should not be running, Hiv_DecisionToContinueTreatment is for those already on tx"]}
{"uuid": "90f526bf10", "date": "2013-05-16T00:00:00", "values": ["This event should not be running, Hiv_DecisionToContinueTreatment is for those already on tx"]}
{"uuid": "90f526bf10", "date": "2013-06-19T00:00:00", "values": ["This event should not be running, Hiv_DecisionToContinueTreatment is for those already on tx"]}
{"uuid": "90f526bf10", "date": "2013-06-20T00:00:00", "values": ["This event should not be running, Hiv_DecisionToContinueTreatment is for those already on tx"]}
{"uuid": "90f526bf10", "date": "2013-06-28T00:00:00", "values": ["This event should not be running, Hiv_DecisionToContinueTreatment is for those already on tx"]}
{"uuid": "90f526bf10", "date": "2013-06-28T00:00:00", "values": ["This event should not be running, Hiv_DecisionToContinueTreatment is for those already on tx"]}
{"uuid": "d5de3a8063", "date": "2013-07-01T00:00:00", "values": ["2023-12-01T15:12:25.754879", 29.252969630559285, 55766, 58000]}
{"uuid": "1e86f25803", "date": "2013-07-06T00:00:00", "values": ["Tb_Test_Screening actual_footprint requires differentofficers than expected_footprint."]}
{"uuid": "90f526bf10", "date": "2013-07-08T00:00:00", "values": ["This event should not be running, Hiv_DecisionToContinueTreatment is for those already on tx"]}
{"uuid": "90f526bf10", "date": "2013-07-28T00:00:00", "values": ["This event should not be running, Hiv_DecisionToContinueTreatment is for those already on tx"]}
{"uuid": "90f526bf10", "date": "2013-08-04T00:00:00", "values": ["This event should not be running, Hiv_DecisionToContinueTreatment is for those already on tx"]}
{"uuid": "dc8474b6b3", "date": "2013-08-11T00:00:00", "values": ["Increased capacity of population dataframe to 59000"]}
{"uuid": "90f526bf10", "date": "2013-08-23T00:00:00", "values": ["This event should not be running, Hiv_DecisionToContinueTreatment is for those already on tx"]}
{"uuid": "90f526bf10", "date": "2013-08-28T00:00:00", "values": ["This event should not be running, Hiv_DecisionToContinueTreatment is for those already on tx"]}
{"uuid": "90f526bf10", "date": "2013-08-29T00:00:00", "values": ["This event should not be running, Hiv_DecisionToContinueTreatment is for those already on tx"]}
{"uuid": "90f526bf10", "date": "2013-09-21T00:00:00", "values": ["This event should not be running, Hiv_DecisionToContinueTreatment is for those already on tx"]}
{"uuid": "90f526bf10", "date": "2013-09-30T00:00:00", "values": ["This event should not be running, Hiv_DecisionToContinueTreatment is for those already on tx"]}
{"uuid": "d5de3a8063", "date": "2013-10-01T00:00:00", "values": ["2023-12-01T15:41:28.707688", 29.04921349287033, 56191, 59000]}
{"uuid": "90f526bf10", "date": "2013-10-17T00:00:00", "values": ["This event should not be running, Hiv_DecisionToContinueTreatment is for those already on tx"]}
{"uuid": "90f526bf10", "date": "2013-10-25T00:00:00", "values": ["This event should not be running, Hiv_DecisionToContinueTreatment is for those already on tx"]}
{"uuid": "1e86f25803", "date": "2013-10-27T00:00:00", "values": ["Tb_Test_Screening actual_footprint requires differentofficers than expected_footprint."]}
{"uuid": "63d828121b", "date": "2013-11-10T00:00:00", "values": ["rt disability < 0 in rti_alter_daly_post_treatment"]}
{"uuid": "1e86f25803", "date": "2013-11-17T00:00:00", "values": ["Tb_Test_FollowUp actual_footprint requires differentofficers than expected_footprint."]}
{"uuid": "1e86f25803", "date": "2013-11-30T00:00:00", "values": ["Tb_Test_FollowUp actual_footprint requires differentofficers than expected_footprint."]}
{"uuid": "d5de3a8063", "date": "2014-01-01T00:00:00", "values": ["2023-12-01T16:09:38.503945", 28.163270950317383, 56662, 59000]}
{"uuid": "90f526bf10", "date": "2014-01-07T00:00:00", "values": ["This event should not be running, Hiv_DecisionToContinueTreatment is for those already on tx"]}
{"uuid": "63d828121b", "date": "2014-01-10T00:00:00", "values": ["rt disability < 0 in rti_alter_daly_post_treatment"]}
{"uuid": "63d828121b", "date": "2014-01-10T00:00:00", "values": ["rt disability < 0 in rti_alter_daly_post_treatment"]}
{"uuid": "90f526bf10", "date": "2014-01-18T00:00:00", "values": ["This event should not be running, Hiv_DecisionToContinueTreatment is for those already on tx"]}
{"uuid": "dc8474b6b3", "date": "2014-01-20T00:00:00", "values": ["Increased capacity of population dataframe to 60000"]}
{"uuid": "90f526bf10", "date": "2014-01-29T00:00:00", "values": ["This event should not be running, Hiv_DecisionToContinueTreatment is for those already on tx"]}
{"uuid": "1e86f25803", "date": "2014-02-08T00:00:00", "values": ["Tb_Test_FollowUp actual_footprint requires differentofficers than expected_footprint."]}
{"uuid": "90f526bf10", "date": "2014-02-09T00:00:00", "values": ["This event should not be running, Hiv_DecisionToContinueTreatment is for those already on tx"]}
{"uuid": "90f526bf10", "date": "2014-02-16T00:00:00", "values": ["This event should not be running, Hiv_DecisionToContinueTreatment is for those already on tx"]}
{"uuid": "90f526bf10", "date": "2014-02-28T00:00:00", "values": ["This event should not be running, Hiv_DecisionToContinueTreatment is for those already on tx"]}
{"uuid": "90f526bf10", "date": "2014-03-01T00:00:00", "values": ["This event should not be running, Hiv_DecisionToContinueTreatment is for those already on tx"]}
{"uuid": "90f526bf10", "date": "2014-03-01T00:00:00", "values": ["This event should not be running, Hiv_DecisionToContinueTreatment is for those already on tx"]}
{"uuid": "90f526bf10", "date": "2014-03-03T00:00:00", "values": ["This event should not be running, Hiv_DecisionToContinueTreatment is for those already on tx"]}
{"uuid": "90f526bf10", "date": "2014-03-05T00:00:00", "values": ["This event should not be running, Hiv_DecisionToContinueTreatment is for those already on tx"]}
{"uuid": "90f526bf10", "date": "2014-03-16T00:00:00", "values": ["This event should not be running, Hiv_DecisionToContinueTreatment is for those already on tx"]}
{"uuid": "90f526bf10", "date": "2014-03-19T00:00:00", "values": ["This event should not be running, Hiv_DecisionToContinueTreatment is for those already on tx"]}
{"uuid": "90f526bf10", "date": "2014-03-29T00:00:00", "values": ["This event should not be running, Hiv_DecisionToContinueTreatment is for those already on tx"]}
{"uuid": "d5de3a8063", "date": "2014-04-01T00:00:00", "values": ["2023-12-01T16:41:56.734052", 32.30383510192235, 57126, 60000]}
{"uuid": "90f526bf10", "date": "2014-04-10T00:00:00", "values": ["This event should not be running, Hiv_DecisionToContinueTreatment is for those already on tx"]}
{"uuid": "90f526bf10", "date": "2014-04-15T00:00:00", "values": ["This event should not be running, Hiv_DecisionToContinueTreatment is for those already on tx"]}
{"uuid": "90f526bf10", "date": "2014-04-25T00:00:00", "values": ["This event should not be running, Hiv_DecisionToContinueTreatment is for those already on tx"]}
{"uuid": "90f526bf10", "date": "2014-04-29T00:00:00", "values": ["This event should not be running, Hiv_DecisionToContinueTreatment is for those already on tx"]}
{"uuid": "90f526bf10", "date": "2014-05-10T00:00:00", "values": ["This event should not be running, Hiv_DecisionToContinueTreatment is for those already on tx"]}
{"uuid": "90f526bf10", "date": "2014-05-20T00:00:00", "values": ["This event should not be running, Hiv_DecisionToContinueTreatment is for those already on tx"]}
{"uuid": "90f526bf10", "date": "2014-05-21T00:00:00", "values": ["This event should not be running, Hiv_DecisionToContinueTreatment is for those already on tx"]}
{"uuid": "90f526bf10", "date": "2014-05-22T00:00:00", "values": ["This event should not be running, Hiv_DecisionToContinueTreatment is for those already on tx"]}
{"uuid": "90f526bf10", "date": "2014-05-22T00:00:00", "values": ["This event should not be running, Hiv_DecisionToContinueTreatment is for those already on tx"]}
{"uuid": "90f526bf10", "date": "2014-06-07T00:00:00", "values": ["This event should not be running, Hiv_DecisionToContinueTreatment is for those already on tx"]}
{"uuid": "90f526bf10", "date": "2014-06-09T00:00:00", "values": ["This event should not be running, Hiv_DecisionToContinueTreatment is for those already on tx"]}
{"uuid": "dc8474b6b3", "date": "2014-06-13T00:00:00", "values": ["Increased capacity of population dataframe to 61000"]}
{"uuid": "90f526bf10", "date": "2014-06-25T00:00:00", "values": ["This event should not be running, Hiv_DecisionToContinueTreatment is for those already on tx"]}
{"uuid": "d5de3a8063", "date": "2014-07-01T00:00:00", "values": ["2023-12-01T17:12:48.924818", 30.86984610160192, 57566, 61000]}
{"uuid": "1e86f25803", "date": "2014-07-09T00:00:00", "values": ["Tb_Test_Screening actual_footprint requires differentofficers than expected_footprint."]}
{"uuid": "1e86f25803", "date": "2014-07-11T00:00:00", "values": ["Tb_Test_Screening actual_footprint requires differentofficers than expected_footprint."]}
{"uuid": "90f526bf10", "date": "2014-07-15T00:00:00", "values": ["This event should not be running, Hiv_DecisionToContinueTreatment is for those already on tx"]}
{"uuid": "90f526bf10", "date": "2014-07-18T00:00:00", "values": ["This event should not be running, Hiv_DecisionToContinueTreatment is for those already on tx"]}
{"uuid": "1e86f25803", "date": "2014-07-28T00:00:00", "values": ["Tb_Test_Screening actual_footprint requires differentofficers than expected_footprint."]}
{"uuid": "90f526bf10", "date": "2014-08-07T00:00:00", "values": ["This event should not be running, Hiv_DecisionToContinueTreatment is for those already on tx"]}
{"uuid": "90f526bf10", "date": "2014-08-16T00:00:00", "values": ["This event should not be running, Hiv_DecisionToContinueTreatment is for those already on tx"]}
{"uuid": "90f526bf10", "date": "2014-08-27T00:00:00", "values": ["This event should not be running, Hiv_DecisionToContinueTreatment is for those already on tx"]}
{"uuid": "90f526bf10", "date": "2014-09-30T00:00:00", "values": ["This event should not be running, Hiv_DecisionToContinueTreatment is for those already on tx"]}
{"uuid": "d5de3a8063", "date": "2014-10-01T00:00:00", "values": ["2023-12-01T17:43:41.122524", 30.869961762428282, 57982, 61000]}
{"uuid": "90f526bf10", "date": "2014-10-01T00:00:00", "values": ["This event should not be running, Hiv_DecisionToContinueTreatment is for those already on tx"]}
{"uuid": "90f526bf10", "date": "2014-10-07T00:00:00", "values": ["This event should not be running, Hiv_DecisionToContinueTreatment is for those already on tx"]}
{"uuid": "90f526bf10", "date": "2014-10-16T00:00:00", "values": ["This event should not be running, Hiv_DecisionToContinueTreatment is for those already on tx"]}
{"uuid": "90f526bf10", "date": "2014-10-20T00:00:00", "values": ["This event should not be running, Hiv_DecisionToContinueTreatment is for those already on tx"]}
{"uuid": "90f526bf10", "date": "2014-11-09T00:00:00", "values": ["This event should not be running, Hiv_DecisionToContinueTreatment is for those already on tx"]}
{"uuid": "63d828121b", "date": "2014-11-10T00:00:00", "values": ["rt disability < 0 in rti_alter_daly_post_treatment"]}
{"uuid": "dc8474b6b3", "date": "2014-11-21T00:00:00", "values": ["Increased capacity of population dataframe to 62000"]}
{"uuid": "90f526bf10", "date": "2014-11-24T00:00:00", "values": ["This event should not be running, Hiv_DecisionToContinueTreatment is for those already on tx"]}
{"uuid": "90f526bf10", "date": "2014-12-13T00:00:00", "values": ["This event should not be running, Hiv_DecisionToContinueTreatment is for those already on tx"]}
{"uuid": "90f526bf10", "date": "2014-12-14T00:00:00", "values": ["This event should not be running, Hiv_DecisionToContinueTreatment is for those already on tx"]}
{"uuid": "90f526bf10", "date": "2014-12-29T00:00:00", "values": ["This event should not be running, Hiv_DecisionToContinueTreatment is for those already on tx"]}
{"uuid": "b07716682c", "date": "2015-01-01T00:00:00", "values": ["simulate() 34500.89714741707 s"]}
