{"uuid": "b07716682c", "type": "header", "module": "tlo.simulation", "key": "info", "level": "INFO", "columns": {"message": "str"}, "description": null}
{"uuid": "b07716682c", "date": "2010-01-01T00:00:00", "values": ["Log output: profiling_results/2024/10/19/0022/scale_run_profiling__2024-10-19T002239.log"]}
{"uuid": "b07716682c", "date": "2010-01-01T00:00:00", "values": ["Simulation RNG user entropy = 0"]}
{"uuid": "b07716682c", "date": "2010-01-01T00:00:00", "values": ["Demography RNG auto (entropy, spawn key) = (0, 0)"]}
{"uuid": "b07716682c", "date": "2010-01-01T00:00:00", "values": ["Lifestyle RNG auto (entropy, spawn key) = (0, 1)"]}
{"uuid": "b07716682c", "date": "2010-01-01T00:00:00", "values": ["HealthBurden RNG auto (entropy, spawn key) = (0, 2)"]}
{"uuid": "b07716682c", "date": "2010-01-01T00:00:00", "values": ["HealthSystem RNG auto (entropy, spawn key) = (0, 3)"]}
{"uuid": "b07716682c", "date": "2010-01-01T00:00:00", "values": ["SymptomManager RNG auto (entropy, spawn key) = (0, 4)"]}
{"uuid": "b07716682c", "date": "2010-01-01T00:00:00", "values": ["HealthSeekingBehaviour RNG auto (entropy, spawn key) = (0, 5)"]}
{"uuid": "b07716682c", "date": "2010-01-01T00:00:00", "values": ["Epi RNG auto (entropy, spawn key) = (0, 6)"]}
{"uuid": "b07716682c", "date": "2010-01-01T00:00:00", "values": ["Contraception RNG auto (entropy, spawn key) = (0, 7)"]}
{"uuid": "b07716682c", "date": "2010-01-01T00:00:00", "values": ["Hiv RNG auto (entropy, spawn key) = (0, 8)"]}
{"uuid": "b07716682c", "date": "2010-01-01T00:00:00", "values": ["CardioMetabolicDisorders RNG auto (entropy, spawn key) = (0, 9)"]}
{"uuid": "b07716682c", "date": "2010-01-01T00:00:00", "values": ["Malaria RNG auto (entropy, spawn key) = (0, 10)"]}
{"uuid": "b07716682c", "date": "2010-01-01T00:00:00", "values": ["PregnancySupervisor RNG auto (entropy, spawn key) = (0, 11)"]}
{"uuid": "b07716682c", "date": "2010-01-01T00:00:00", "values": ["CareOfWomenDuringPregnancy RNG auto (entropy, spawn key) = (0, 12)"]}
{"uuid": "b07716682c", "date": "2010-01-01T00:00:00", "values": ["NewbornOutcomes RNG auto (entropy, spawn key) = (0, 13)"]}
{"uuid": "b07716682c", "date": "2010-01-01T00:00:00", "values": ["Wasting RNG auto (entropy, spawn key) = (0, 14)"]}
{"uuid": "b07716682c", "date": "2010-01-01T00:00:00", "values": ["Diarrhoea RNG auto (entropy, spawn key) = (0, 15)"]}
{"uuid": "b07716682c", "date": "2010-01-01T00:00:00", "values": ["Stunting RNG auto (entropy, spawn key) = (0, 16)"]}
{"uuid": "b07716682c", "date": "2010-01-01T00:00:00", "values": ["Labour RNG auto (entropy, spawn key) = (0, 17)"]}
{"uuid": "b07716682c", "date": "2010-01-01T00:00:00", "values": ["PostnatalSupervisor RNG auto (entropy, spawn key) = (0, 18)"]}
{"uuid": "b07716682c", "date": "2010-01-01T00:00:00", "values": ["Alri RNG auto (entropy, spawn key) = (0, 19)"]}
{"uuid": "b07716682c", "date": "2010-01-01T00:00:00", "values": ["Measles RNG auto (entropy, spawn key) = (0, 20)"]}
{"uuid": "b07716682c", "date": "2010-01-01T00:00:00", "values": ["Schisto RNG auto (entropy, spawn key) = (0, 21)"]}
{"uuid": "b07716682c", "date": "2010-01-01T00:00:00", "values": ["Tb RNG auto (entropy, spawn key) = (0, 22)"]}
{"uuid": "b07716682c", "date": "2010-01-01T00:00:00", "values": ["BladderCancer RNG auto (entropy, spawn key) = (0, 23)"]}
{"uuid": "b07716682c", "date": "2010-01-01T00:00:00", "values": ["BreastCancer RNG auto (entropy, spawn key) = (0, 24)"]}
{"uuid": "b07716682c", "date": "2010-01-01T00:00:00", "values": ["OesophagealCancer RNG auto (entropy, spawn key) = (0, 25)"]}
{"uuid": "b07716682c", "date": "2010-01-01T00:00:00", "values": ["OtherAdultCancer RNG auto (entropy, spawn key) = (0, 26)"]}
{"uuid": "b07716682c", "date": "2010-01-01T00:00:00", "values": ["ProstateCancer RNG auto (entropy, spawn key) = (0, 27)"]}
{"uuid": "b07716682c", "date": "2010-01-01T00:00:00", "values": ["RTI RNG auto (entropy, spawn key) = (0, 28)"]}
{"uuid": "b07716682c", "date": "2010-01-01T00:00:00", "values": ["Copd RNG auto (entropy, spawn key) = (0, 29)"]}
{"uuid": "b07716682c", "date": "2010-01-01T00:00:00", "values": ["Depression RNG auto (entropy, spawn key) = (0, 30)"]}
{"uuid": "b07716682c", "date": "2010-01-01T00:00:00", "values": ["Epilepsy RNG auto (entropy, spawn key) = (0, 31)"]}
{"uuid": "dc8474b6b3", "type": "header", "module": "tlo.population", "key": "info", "level": "INFO", "columns": {"message": "str"}, "description": null}
{"uuid": "dc8474b6b3", "date": "2010-01-01T00:00:00", "values": ["Dataframe capacity append size: 1000"]}
{"uuid": "b07716682c", "date": "2010-01-01T00:00:00", "values": ["make_initial_population() 27.640368938446045 s"]}
{"uuid": "e9a19fe1f9", "type": "header", "module": "tlo.methods.demography", "key": "scaling_factor", "level": "WARNING", "columns": {"scaling_factor": "float"}, "description": "The data-to-model scaling factor (based on the initial population size, used to multiply-up results so that they correspond to the real population size."}
{"uuid": "e9a19fe1f9", "date": "2010-01-01T00:00:00", "values": [290.79218000000003]}
{"uuid": "072090a41b", "type": "header", "module": "tlo.methods.population", "key": "scaling_factor", "level": "WARNING", "columns": {"scaling_factor": "float"}, "description": "The data-to-model scaling factor (based on the initial population size, used to multiply-up results so that they correspond to the real population size."}
{"uuid": "072090a41b", "date": "2010-01-01T00:00:00", "values": [290.79218000000003]}
{"uuid": "d5de3a8063", "type": "header", "module": "tlo.profiling", "key": "stats", "level": "INFO", "columns": {"duration_minutes": "float", "memory_rss_MiB": "float", "memory_uss_MiB": "float", "memory_vms_MiB": "float", "pop_df_mem_MiB": "float", "pop_df_number_alive": "int", "pop_df_rows": "int", "time": "str"}, "description": null}
{"uuid": "d5de3a8063", "date": "2010-01-01T00:00:00", "values": [0.10931605100631714, 632.08203125, 621.14453125, 877.7890625, 88.8384256362915, 50000, 50000, "2024-10-19T00:23:20.428330"]}
{"uuid": "dc8474b6b3", "date": "2010-01-01T00:00:00", "values": ["Increased capacity of population dataframe to 51000"]}
{"uuid": "d5de3a8063", "date": "2010-02-01T00:00:00", "values": [4.88210567633311, 705.48828125, 694.5078125, 951.921875, 90.53917789459229, 50122, 51000, "2024-10-19T00:28:13.354665"]}
{"uuid": "d5de3a8063", "date": "2010-03-01T00:00:00", "values": [5.383390486240387, 884.7578125, 873.76953125, 1131.82421875, 90.55117130279541, 50196, 51000, "2024-10-19T00:33:36.358095"]}
{"uuid": "d5de3a8063", "date": "2010-04-01T00:00:00", "values": [7.220479341348012, 1030.25, 1019.078125, 1279.3359375, 90.56572818756104, 50283, 51000, "2024-10-19T00:40:49.586855"]}
{"uuid": "d5de3a8063", "date": "2010-05-01T00:00:00", "values": [6.539818791548411, 1200.28125, 1189.140625, 1451.328125, 90.58010196685791, 50372, 51000, "2024-10-19T00:47:21.975983"]}
{"uuid": "d5de3a8063", "date": "2010-06-01T00:00:00", "values": [5.7485155661900835, 1383.4765625, 1372.4375, 1631.8671875, 90.59731388092041, 50510, 51000, "2024-10-19T00:53:06.886917"]}
{"uuid": "90f526bf10", "type": "header", "module": "tlo.methods.hiv", "key": "message", "level": "WARNING", "columns": {"message": "str"}, "description": null}
{"uuid": "90f526bf10", "date": "2010-06-06T00:00:00", "values": ["This event should not be running, Hiv_DecisionToContinueTreatment is for those already on tx"]}
{"uuid": "90f526bf10", "date": "2010-06-07T00:00:00", "values": ["This event should not be running, Hiv_DecisionToContinueTreatment is for those already on tx"]}
{"uuid": "1e86f25803", "type": "header", "module": "tlo.methods.healthsystem", "key": "message", "level": "WARNING", "columns": {"message": "str"}, "description": null}
{"uuid": "1e86f25803", "date": "2010-06-12T00:00:00", "values": ["Tb_Test_FollowUp actual_footprint requires differentofficers than expected_footprint."]}
{"uuid": "d5de3a8063", "date": "2010-07-01T00:00:00", "values": [6.136127583185831, 1545.265625, 1534.26953125, 1794.16796875, 90.60979557037354, 50592, 51000, "2024-10-19T00:59:15.054572"]}
{"uuid": "dc8474b6b3", "date": "2010-07-09T00:00:00", "values": ["Increased capacity of population dataframe to 52000"]}
{"uuid": "90f526bf10", "date": "2010-07-27T00:00:00", "values": ["This event should not be running, Hiv_DecisionToContinueTreatment is for those already on tx"]}
{"uuid": "d5de3a8063", "date": "2010-08-01T00:00:00", "values": [6.161212599277496, 1624.61328125, 1613.44140625, 1873.96484375, 92.31213474273682, 50749, 52000, "2024-10-19T01:05:24.727327"]}
{"uuid": "d5de3a8063", "date": "2010-09-01T00:00:00", "values": [6.333478955427806, 1626.73046875, 1615.55859375, 1874.0078125, 92.32846164703369, 50873, 52000, "2024-10-19T01:11:44.736065"]}
{"uuid": "90f526bf10", "date": "2010-09-11T00:00:00", "values": ["This event should not be running, Hiv_DecisionToContinueTreatment is for those already on tx"]}
{"uuid": "1e86f25803", "date": "2010-09-12T00:00:00", "values": ["Tb_Test_FollowUp actual_footprint requires differentofficers than expected_footprint."]}
{"uuid": "d5de3a8063", "date": "2010-10-01T00:00:00", "values": [7.318855504194896, 1646.5859375, 1635.4296875, 1890.0546875, 92.35662937164307, 51106, 52000, "2024-10-19T01:19:03.867395"]}
{"uuid": "d5de3a8063", "date": "2010-11-01T00:00:00", "values": [7.276060175895691, 1662.90234375, 1651.9296875, 1906.55859375, 92.37390232086182, 51241, 52000, "2024-10-19T01:26:20.431005"]}
{"uuid": "63d828121b", "type": "header", "module": "tlo.methods.rti", "key": "warning", "level": "WARNING", "columns": {"message": "str"}, "description": null}
{"uuid": "63d828121b", "date": "2010-11-10T00:00:00", "values": ["rt disability < 0 in rti_alter_daly_post_treatment"]}
{"uuid": "d5de3a8063", "date": "2010-12-01T00:00:00", "values": [6.392401695251465, 1660.59765625, 1649.51171875, 1904.140625, 92.39013767242432, 51375, 52000, "2024-10-19T01:32:43.975107"]}
{"uuid": "dc8474b6b3", "date": "2010-12-01T00:00:00", "values": ["Increased capacity of population dataframe to 53000"]}
{"uuid": "d5de3a8063", "date": "2011-01-01T00:00:00", "values": [8.099162817001343, 1603.203125, 1592.12890625, 1846.76953125, 94.09265995025635, 51534, 53000, "2024-10-19T01:40:49.924876"]}
{"uuid": "d5de3a8063", "date": "2011-02-01T00:00:00", "values": [7.3010158459345496, 1587.3046875, 1576.1328125, 1830.6484375, 94.11048221588135, 51670, 53000, "2024-10-19T01:48:07.985828"]}
{"uuid": "d5de3a8063", "date": "2011-03-01T00:00:00", "values": [7.782398788134257, 1619.40234375, 1608.4140625, 1863.0546875, 94.1290979385376, 51793, 53000, "2024-10-19T01:55:54.929754"]}
{"uuid": "90f526bf10", "date": "2011-04-01T00:00:00", "values": ["This event should not be running, Hiv_DecisionToContinueTreatment is for those already on tx"]}
{"uuid": "d5de3a8063", "date": "2011-04-01T00:00:00", "values": [8.675055205821991, 1603.52734375, 1592.35546875, 1846.87109375, 94.14493656158447, 51853, 53000, "2024-10-19T02:04:35.433069"]}
{"uuid": "63d828121b", "date": "2011-04-12T00:00:00", "values": ["rt disability < 0 in rti_alter_daly_post_treatment"]}
{"uuid": "63d828121b", "date": "2011-04-19T00:00:00", "values": ["rt disability < 0 in rti_alter_daly_post_treatment"]}
{"uuid": "d5de3a8063", "date": "2011-05-01T00:00:00", "values": [7.548235599199931, 1695.45703125, 1684.29296875, 1940.2578125, 94.16166019439697, 51962, 53000, "2024-10-19T02:12:08.327205"]}
{"uuid": "dc8474b6b3", "date": "2011-05-12T00:00:00", "values": ["Increased capacity of population dataframe to 54000"]}
{"uuid": "d5de3a8063", "date": "2011-06-01T00:00:00", "values": [7.412201229731242, 1804.578125, 1793.40625, 2050.453125, 95.86189365386963, 52076, 54000, "2024-10-19T02:19:33.059278"]}
{"uuid": "90f526bf10", "date": "2011-06-13T00:00:00", "values": ["This event should not be running, Hiv_DecisionToContinueTreatment is for those already on tx"]}
{"uuid": "90f526bf10", "date": "2011-06-23T00:00:00", "values": ["This event should not be running, Hiv_DecisionToContinueTreatment is for those already on tx"]}
{"uuid": "d5de3a8063", "date": "2011-07-01T00:00:00", "values": [7.688539413611094, 1821.12890625, 1810.08984375, 2067.26171875, 95.881272315979, 52232, 54000, "2024-10-19T02:27:14.371641"]}
{"uuid": "90f526bf10", "date": "2011-07-11T00:00:00", "values": ["This event should not be running, Hiv_DecisionToContinueTreatment is for those already on tx"]}
{"uuid": "90f526bf10", "date": "2011-07-12T00:00:00", "values": ["This event should not be running, Hiv_DecisionToContinueTreatment is for those already on tx"]}
{"uuid": "90f526bf10", "date": "2011-07-27T00:00:00", "values": ["This event should not be running, Hiv_DecisionToContinueTreatment is for those already on tx"]}
{"uuid": "90f526bf10", "date": "2011-07-29T00:00:00", "values": ["This event should not be running, Hiv_DecisionToContinueTreatment is for those already on tx"]}
{"uuid": "d5de3a8063", "date": "2011-08-01T00:00:00", "values": [7.233660638332367, 1840.34765625, 1829.33203125, 2084.16015625, 95.8989725112915, 52382, 54000, "2024-10-19T02:34:28.391280"]}
{"uuid": "90f526bf10", "date": "2011-08-04T00:00:00", "values": ["This event should not be running, Hiv_DecisionToContinueTreatment is for those already on tx"]}
{"uuid": "d5de3a8063", "date": "2011-09-01T00:00:00", "values": [7.114825423558553, 1830.2265625, 1819.26953125, 2074.453125, 95.91291904449463, 52486, 54000, "2024-10-19T02:41:35.280805"]}
{"uuid": "90f526bf10", "date": "2011-09-05T00:00:00", "values": ["This event should not be running, Hiv_DecisionToContinueTreatment is for those already on tx"]}
{"uuid": "d5de3a8063", "date": "2011-10-01T00:00:00", "values": [7.3462480187416075, 1856.52734375, 1845.54296875, 2100.97265625, 95.92878818511963, 52614, 54000, "2024-10-19T02:48:56.055686"]}
{"uuid": "dc8474b6b3", "date": "2011-10-29T00:00:00", "values": ["Increased capacity of population dataframe to 55000"]}
{"uuid": "d5de3a8063", "date": "2011-11-01T00:00:00", "values": [6.719264316558838, 1978.6640625, 1967.71484375, 2225.52734375, 97.62798404693604, 52738, 55000, "2024-10-19T02:55:39.211545"]}
{"uuid": "d5de3a8063", "date": "2011-12-01T00:00:00", "values": [6.895609271526337, 1911.421875, 1900.25, 2154.703125, 97.64522647857666, 52890, 55000, "2024-10-19T03:02:32.948101"]}
{"uuid": "d5de3a8063", "date": "2012-01-01T00:00:00", "values": [7.603258876005809, 1938.41015625, 1927.3046875, 2181.6953125, 97.66109561920166, 53022, 55000, "2024-10-19T03:10:09.143634"]}
{"uuid": "d5de3a8063", "date": "2012-02-01T00:00:00", "values": [7.535508815447489, 1989.29296875, 1978.359375, 2233.84375, 97.68050479888916, 53198, 55000, "2024-10-19T03:17:41.274163"]}
{"uuid": "d5de3a8063", "date": "2012-03-01T00:00:00", "values": [7.389673233032227, 2012.953125, 2001.89453125, 2256.9375, 97.69558048248291, 53297, 55000, "2024-10-19T03:25:04.654557"]}
{"uuid": "d5de3a8063", "date": "2012-04-01T00:00:00", "values": [8.747788552443186, 2057.125, 2046.00390625, 2300.42578125, 97.71404361724854, 53441, 55000, "2024-10-19T03:33:49.521870"]}
{"uuid": "90f526bf10", "date": "2012-04-02T00:00:00", "values": ["This event should not be running, Hiv_DecisionToContinueTreatment is for those already on tx"]}
{"uuid": "90f526bf10", "date": "2012-04-11T00:00:00", "values": ["This event should not be running, Hiv_DecisionToContinueTreatment is for those already on tx"]}
{"uuid": "dc8474b6b3", "date": "2012-04-11T00:00:00", "values": ["Increased capacity of population dataframe to 56000"]}
{"uuid": "63d828121b", "date": "2012-04-11T00:00:00", "values": ["rt disability < 0 in rti_alter_daly_post_treatment"]}
{"uuid": "90f526bf10", "date": "2012-04-30T00:00:00", "values": ["This event should not be running, Hiv_DecisionToContinueTreatment is for those already on tx"]}
{"uuid": "d5de3a8063", "date": "2012-05-01T00:00:00", "values": [7.7094921708107, 2046.25390625, 2035.328125, 2290.8125, 99.41592502593994, 53601, 56000, "2024-10-19T03:41:32.091405"]}
{"uuid": "90f526bf10", "date": "2012-05-02T00:00:00", "values": ["This event should not be running, Hiv_DecisionToContinueTreatment is for those already on tx"]}
{"uuid": "90f526bf10", "date": "2012-05-28T00:00:00", "values": ["This event should not be running, Hiv_DecisionToContinueTreatment is for those already on tx"]}
{"uuid": "d5de3a8063", "date": "2012-06-01T00:00:00", "values": [7.269721686840057, 2060.51171875, 2049.3671875, 2304.4375, 99.43249607086182, 53731, 56000, "2024-10-19T03:48:48.274702"]}
{"uuid": "90f526bf10", "date": "2012-06-10T00:00:00", "values": ["This event should not be running, Hiv_DecisionToContinueTreatment is for those already on tx"]}
{"uuid": "90f526bf10", "date": "2012-06-26T00:00:00", "values": ["This event should not be running, Hiv_DecisionToContinueTreatment is for those already on tx"]}
{"uuid": "d5de3a8063", "date": "2012-07-01T00:00:00", "values": [7.839605565865835, 2084.30859375, 2073.21875, 2329.48828125, 99.45086765289307, 53888, 56000, "2024-10-19T03:56:38.651036"]}
{"uuid": "90f526bf10", "date": "2012-07-08T00:00:00", "values": ["This event should not be running, Hiv_DecisionToContinueTreatment is for those already on tx"]}
{"uuid": "90f526bf10", "date": "2012-07-26T00:00:00", "values": ["This event should not be running, Hiv_DecisionToContinueTreatment is for those already on tx"]}
{"uuid": "d5de3a8063", "date": "2012-08-01T00:00:00", "values": [7.104991555213928, 2081.69140625, 2070.52734375, 2326.22265625, 99.46493625640869, 54008, 56000, "2024-10-19T04:03:44.950529"]}
{"uuid": "63d828121b", "date": "2012-08-08T00:00:00", "values": ["rt disability < 0 in rti_alter_daly_post_treatment"]}
{"uuid": "90f526bf10", "date": "2012-08-10T00:00:00", "values": ["This event should not be running, Hiv_DecisionToContinueTreatment is for those already on tx"]}
{"uuid": "90f526bf10", "date": "2012-08-10T00:00:00", "values": ["This event should not be running, Hiv_DecisionToContinueTreatment is for those already on tx"]}
{"uuid": "1e86f25803", "date": "2012-08-13T00:00:00", "values": ["Tb_Test_FollowUp actual_footprint requires differentofficers than expected_footprint."]}
{"uuid": "90f526bf10", "date": "2012-08-16T00:00:00", "values": ["This event should not be running, Hiv_DecisionToContinueTreatment is for those already on tx"]}
{"uuid": "90f526bf10", "date": "2012-08-21T00:00:00", "values": ["This event should not be running, Hiv_DecisionToContinueTreatment is for those already on tx"]}
{"uuid": "d5de3a8063", "date": "2012-09-01T00:00:00", "values": [7.696405597527822, 2140.28515625, 2129.34375, 2383.9140625, 99.48086643218994, 54136, 56000, "2024-10-19T04:11:26.734866"]}
{"uuid": "90f526bf10", "date": "2012-09-05T00:00:00", "values": ["This event should not be running, Hiv_DecisionToContinueTreatment is for those already on tx"]}
{"uuid": "1e86f25803", "date": "2012-09-09T00:00:00", "values": ["Tb_Test_FollowUp actual_footprint requires differentofficers than expected_footprint."]}
{"uuid": "dc8474b6b3", "date": "2012-09-25T00:00:00", "values": ["Increased capacity of population dataframe to 57000"]}
{"uuid": "d5de3a8063", "date": "2012-10-01T00:00:00", "values": [8.118679853280385, 2243.46484375, 2232.34375, 2489.26171875, 101.18131351470947, 54288, 57000, "2024-10-19T04:19:33.855658"]}
{"uuid": "1e86f25803", "date": "2012-10-13T00:00:00", "values": ["Tb_Test_FollowUp actual_footprint requires differentofficers than expected_footprint."]}
{"uuid": "d5de3a8063", "date": "2012-11-01T00:00:00", "values": [7.307201790809631, 2156.4140625, 2145.2421875, 2401.58203125, 101.1989221572876, 54431, 57000, "2024-10-19T04:26:52.287764"]}
{"uuid": "1e86f25803", "date": "2012-11-15T00:00:00", "values": ["Tb_Test_FollowUp actual_footprint requires differentofficers than expected_footprint."]}
{"uuid": "1e86f25803", "date": "2012-11-27T00:00:00", "values": ["Tb_Test_FollowUp actual_footprint requires differentofficers than expected_footprint."]}
{"uuid": "d5de3a8063", "date": "2012-12-01T00:00:00", "values": [6.8564335385958355, 2170.28125, 2159.11328125, 2415.58203125, 101.21628665924072, 54585, 57000, "2024-10-19T04:33:43.673776"]}
{"uuid": "d5de3a8063", "date": "2013-01-01T00:00:00", "values": [8.597913781801859, 2217.5234375, 2206.5078125, 2461.1171875, 101.23368167877197, 54717, 57000, "2024-10-19T04:42:19.548602"]}
{"uuid": "90f526bf10", "date": "2013-01-08T00:00:00", "values": ["This event should not be running, Hiv_DecisionToContinueTreatment is for those already on tx"]}
{"uuid": "d5de3a8063", "date": "2013-02-01T00:00:00", "values": [7.98042330344518, 2219.2421875, 2208.08203125, 2463.58203125, 101.25406742095947, 54900, 57000, "2024-10-19T04:50:18.374001"]}
{"uuid": "dc8474b6b3", "date": "2013-02-26T00:00:00", "values": ["Increased capacity of population dataframe to 58000"]}
{"uuid": "d5de3a8063", "date": "2013-03-01T00:00:00", "values": [7.685363078117371, 2328.68359375, 2317.5703125, 2573.74609375, 102.956467628479, 55063, 58000, "2024-10-19T04:57:59.495789"]}
{"uuid": "d5de3a8063", "date": "2013-04-01T00:00:00", "values": [9.133924480279287, 2274.72265625, 2263.55078125, 2518.9453125, 102.974289894104, 55196, 58000, "2024-10-19T05:07:07.531254"]}
{"uuid": "d5de3a8063", "date": "2013-05-01T00:00:00", "values": [7.653925736745198, 2335.6875, 2324.75390625, 2579.84375, 102.99067783355713, 55323, 58000, "2024-10-19T05:14:46.766798"]}
{"uuid": "90f526bf10", "date": "2013-05-09T00:00:00", "values": ["This event should not be running, Hiv_DecisionToContinueTreatment is for those already on tx"]}
{"uuid": "63d828121b", "date": "2013-05-10T00:00:00", "values": ["rt disability < 0 in rti_alter_daly_post_treatment"]}
{"uuid": "90f526bf10", "date": "2013-05-18T00:00:00", "values": ["This event should not be running, Hiv_DecisionToContinueTreatment is for those already on tx"]}
{"uuid": "d5de3a8063", "date": "2013-06-01T00:00:00", "values": [8.128589185078939, 2336.0859375, 2325.05859375, 2580.21875, 103.010666847229, 55479, 58000, "2024-10-19T05:22:54.482150"]}
{"uuid": "90f526bf10", "date": "2013-06-23T00:00:00", "values": ["This event should not be running, Hiv_DecisionToContinueTreatment is for those already on tx"]}
{"uuid": "d5de3a8063", "date": "2013-07-01T00:00:00", "values": [8.13544157743454, 2373.86328125, 2362.87890625, 2618.046875, 103.02766513824463, 55628, 58000, "2024-10-19T05:31:02.608644"]}
{"uuid": "90f526bf10", "date": "2013-07-11T00:00:00", "values": ["This event should not be running, Hiv_DecisionToContinueTreatment is for those already on tx"]}
{"uuid": "1e86f25803", "date": "2013-07-19T00:00:00", "values": ["Tb_Test_Screening actual_footprint requires differentofficers than expected_footprint."]}
{"uuid": "d5de3a8063", "date": "2013-08-01T00:00:00", "values": [7.946129822731018, 2378.25, 2367.078125, 2623.0390625, 103.04393100738525, 55766, 58000, "2024-10-19T05:38:59.376433"]}
{"uuid": "dc8474b6b3", "date": "2013-08-05T00:00:00", "values": ["Increased capacity of population dataframe to 59000"]}
{"uuid": "90f526bf10", "date": "2013-08-15T00:00:00", "values": ["This event should not be running, Hiv_DecisionToContinueTreatment is for those already on tx"]}
{"uuid": "d5de3a8063", "date": "2013-09-01T00:00:00", "values": [8.266075257460276, 2466.12109375, 2455.12109375, 2709.546875, 104.74428653717041, 55911, 59000, "2024-10-19T05:47:15.340948"]}
{"uuid": "90f526bf10", "date": "2013-09-30T00:00:00", "values": ["This event should not be running, Hiv_DecisionToContinueTreatment is for those already on tx"]}
{"uuid": "d5de3a8063", "date": "2013-10-01T00:00:00", "values": [8.171424714724223, 2450.68359375, 2439.51171875, 2694.3203125, 104.76046085357666, 56045, 59000, "2024-10-19T05:55:25.626432"]}
{"uuid": "d5de3a8063", "date": "2013-11-01T00:00:00", "values": [7.368669557571411, 2487.296875, 2476.234375, 2731.32421875, 104.77858829498291, 56196, 59000, "2024-10-19T06:02:47.746605"]}
{"uuid": "d5de3a8063", "date": "2013-12-01T00:00:00", "values": [7.232694780826568, 2502.02734375, 2491.03515625, 2746.375, 104.79702091217041, 56356, 59000, "2024-10-19T06:10:01.708292"]}
{"uuid": "d5de3a8063", "date": "2014-01-01T00:00:00", "values": [8.234113510449728, 2513.82421875, 2502.65234375, 2758.3203125, 104.81536197662354, 56511, 59000, "2024-10-19T06:18:15.755102"]}
{"uuid": "dc8474b6b3", "date": "2014-01-15T00:00:00", "values": ["Increased capacity of population dataframe to 60000"]}
{"uuid": "d5de3a8063", "date": "2014-02-01T00:00:00", "values": [8.795901334285736, 2573.0078125, 2562.09375, 2817.23828125, 106.51641941070557, 56654, 60000, "2024-10-19T06:27:03.509183"]}
{"uuid": "63d828121b", "date": "2014-02-09T00:00:00", "values": ["rt disability < 0 in rti_alter_daly_post_treatment"]}
{"uuid": "d5de3a8063", "date": "2014-03-01T00:00:00", "values": [8.097408890724182, 2590.09375, 2578.96875, 2834.328125, 106.53527927398682, 56793, 60000, "2024-10-19T06:35:09.353717"]}
{"uuid": "90f526bf10", "date": "2014-03-31T00:00:00", "values": ["This event should not be running, Hiv_DecisionToContinueTreatment is for those already on tx"]}
{"uuid": "d5de3a8063", "date": "2014-04-01T00:00:00", "values": [9.414906454086303, 2634.76171875, 2623.6328125, 2878.66015625, 106.55310153961182, 56933, 60000, "2024-10-19T06:44:34.248106"]}
{"uuid": "90f526bf10", "date": "2014-04-23T00:00:00", "values": ["This event should not be running, Hiv_DecisionToContinueTreatment is for those already on tx"]}
{"uuid": "d5de3a8063", "date": "2014-05-01T00:00:00", "values": [8.43187396923701, 2638.15625, 2627.12109375, 2882.5, 106.56991672515869, 57062, 60000, "2024-10-19T06:53:00.160543"]}
{"uuid": "d5de3a8063", "date": "2014-06-01T00:00:00", "values": [8.07011570930481, 2672.03125, 2661.04296875, 2915.88671875, 106.58963108062744, 57226, 60000, "2024-10-19T07:01:04.367484"]}
{"uuid": "90f526bf10", "date": "2014-06-08T00:00:00", "values": ["This event should not be running, Hiv_DecisionToContinueTreatment is for those already on tx"]}
{"uuid": "dc8474b6b3", "date": "2014-06-16T00:00:00", "values": ["Increased capacity of population dataframe to 61000"]}
{"uuid": "d5de3a8063", "date": "2014-07-01T00:00:00", "values": [8.437261895338695, 2633.85546875, 2622.68359375, 2877.32421875, 108.29209232330322, 57392, 61000, "2024-10-19T07:09:30.603197"]}
{"uuid": "90f526bf10", "date": "2014-07-15T00:00:00", "values": ["This event should not be running, Hiv_DecisionToContinueTreatment is for those already on tx"]}
{"uuid": "d5de3a8063", "date": "2014-08-01T00:00:00", "values": [8.07226984500885, 2649.77734375, 2638.6171875, 2894.32421875, 108.30973148345947, 57534, 61000, "2024-10-19T07:17:34.939390"]}
{"uuid": "90f526bf10", "date": "2014-08-04T00:00:00", "values": ["This event should not be running, Hiv_DecisionToContinueTreatment is for those already on tx"]}
{"uuid": "90f526bf10", "date": "2014-08-09T00:00:00", "values": ["This event should not be running, Hiv_DecisionToContinueTreatment is for those already on tx"]}
{"uuid": "d5de3a8063", "date": "2014-09-01T00:00:00", "values": [8.55721755027771, 2729.82421875, 2718.7265625, 2974.7734375, 108.3281946182251, 57679, 61000, "2024-10-19T07:26:08.372443"]}
{"uuid": "90f526bf10", "date": "2014-09-24T00:00:00", "values": ["This event should not be running, Hiv_DecisionToContinueTreatment is for those already on tx"]}
{"uuid": "90f526bf10", "date": "2014-09-24T00:00:00", "values": ["This event should not be running, Hiv_DecisionToContinueTreatment is for those already on tx"]}
{"uuid": "d5de3a8063", "date": "2014-10-01T00:00:00", "values": [8.472449870904287, 2738.5390625, 2727.453125, 2983.21875, 108.3444299697876, 57801, 61000, "2024-10-19T07:34:36.719434"]}
{"uuid": "63d828121b", "date": "2014-10-10T00:00:00", "values": ["rt disability < 0 in rti_alter_daly_post_treatment"]}
{"uuid": "d5de3a8063", "date": "2014-11-01T00:00:00", "values": [8.15195777018865, 2723.1171875, 2712.14453125, 2968.86328125, 108.36377811431885, 57957, 61000, "2024-10-19T07:42:45.836900"]}
{"uuid": "dc8474b6b3", "date": "2014-11-20T00:00:00", "values": ["Increased capacity of population dataframe to 62000"]}
{"uuid": "90f526bf10", "date": "2014-11-28T00:00:00", "values": ["This event should not be running, Hiv_DecisionToContinueTreatment is for those already on tx"]}
{"uuid": "d5de3a8063", "date": "2014-12-01T00:00:00", "values": [7.730169260501862, 2797.0390625, 2785.8671875, 3042.76171875, 110.06392002105713, 58099, 62000, "2024-10-19T07:50:29.647056"]}
{"uuid": "b07716682c", "date": "2015-01-01T00:00:00", "values": ["simulate() 27314.84282231331 s"]}
