{"uuid": "b07716682c", "type": "header", "module": "tlo.simulation", "key": "info", "level": "INFO", "columns": {"message": "str"}, "description": null}
{"uuid": "b07716682c", "date": "2010-01-01T00:00:00", "values": ["Log output: profiling_results/2024/09/07/0021/scale_run_profiling__2024-09-07T002151.log"]}
{"uuid": "b07716682c", "date": "2010-01-01T00:00:00", "values": ["Simulation RNG user entropy = 0"]}
{"uuid": "b07716682c", "date": "2010-01-01T00:00:00", "values": ["Demography RNG auto (entropy, spawn key) = (0, 0)"]}
{"uuid": "b07716682c", "date": "2010-01-01T00:00:00", "values": ["Lifestyle RNG auto (entropy, spawn key) = (0, 1)"]}
{"uuid": "b07716682c", "date": "2010-01-01T00:00:00", "values": ["HealthBurden RNG auto (entropy, spawn key) = (0, 2)"]}
{"uuid": "b07716682c", "date": "2010-01-01T00:00:00", "values": ["HealthSystem RNG auto (entropy, spawn key) = (0, 3)"]}
{"uuid": "b07716682c", "date": "2010-01-01T00:00:00", "values": ["SymptomManager RNG auto (entropy, spawn key) = (0, 4)"]}
{"uuid": "b07716682c", "date": "2010-01-01T00:00:00", "values": ["HealthSeekingBehaviour RNG auto (entropy, spawn key) = (0, 5)"]}
{"uuid": "b07716682c", "date": "2010-01-01T00:00:00", "values": ["Epi RNG auto (entropy, spawn key) = (0, 6)"]}
{"uuid": "b07716682c", "date": "2010-01-01T00:00:00", "values": ["Contraception RNG auto (entropy, spawn key) = (0, 7)"]}
{"uuid": "b07716682c", "date": "2010-01-01T00:00:00", "values": ["Hiv RNG auto (entropy, spawn key) = (0, 8)"]}
{"uuid": "b07716682c", "date": "2010-01-01T00:00:00", "values": ["CardioMetabolicDisorders RNG auto (entropy, spawn key) = (0, 9)"]}
{"uuid": "b07716682c", "date": "2010-01-01T00:00:00", "values": ["Malaria RNG auto (entropy, spawn key) = (0, 10)"]}
{"uuid": "b07716682c", "date": "2010-01-01T00:00:00", "values": ["PregnancySupervisor RNG auto (entropy, spawn key) = (0, 11)"]}
{"uuid": "b07716682c", "date": "2010-01-01T00:00:00", "values": ["CareOfWomenDuringPregnancy RNG auto (entropy, spawn key) = (0, 12)"]}
{"uuid": "b07716682c", "date": "2010-01-01T00:00:00", "values": ["NewbornOutcomes RNG auto (entropy, spawn key) = (0, 13)"]}
{"uuid": "b07716682c", "date": "2010-01-01T00:00:00", "values": ["Wasting RNG auto (entropy, spawn key) = (0, 14)"]}
{"uuid": "b07716682c", "date": "2010-01-01T00:00:00", "values": ["Diarrhoea RNG auto (entropy, spawn key) = (0, 15)"]}
{"uuid": "b07716682c", "date": "2010-01-01T00:00:00", "values": ["Stunting RNG auto (entropy, spawn key) = (0, 16)"]}
{"uuid": "b07716682c", "date": "2010-01-01T00:00:00", "values": ["Labour RNG auto (entropy, spawn key) = (0, 17)"]}
{"uuid": "b07716682c", "date": "2010-01-01T00:00:00", "values": ["PostnatalSupervisor RNG auto (entropy, spawn key) = (0, 18)"]}
{"uuid": "b07716682c", "date": "2010-01-01T00:00:00", "values": ["Alri RNG auto (entropy, spawn key) = (0, 19)"]}
{"uuid": "b07716682c", "date": "2010-01-01T00:00:00", "values": ["Measles RNG auto (entropy, spawn key) = (0, 20)"]}
{"uuid": "b07716682c", "date": "2010-01-01T00:00:00", "values": ["Schisto RNG auto (entropy, spawn key) = (0, 21)"]}
{"uuid": "b07716682c", "date": "2010-01-01T00:00:00", "values": ["Tb RNG auto (entropy, spawn key) = (0, 22)"]}
{"uuid": "b07716682c", "date": "2010-01-01T00:00:00", "values": ["BladderCancer RNG auto (entropy, spawn key) = (0, 23)"]}
{"uuid": "b07716682c", "date": "2010-01-01T00:00:00", "values": ["BreastCancer RNG auto (entropy, spawn key) = (0, 24)"]}
{"uuid": "b07716682c", "date": "2010-01-01T00:00:00", "values": ["OesophagealCancer RNG auto (entropy, spawn key) = (0, 25)"]}
{"uuid": "b07716682c", "date": "2010-01-01T00:00:00", "values": ["OtherAdultCancer RNG auto (entropy, spawn key) = (0, 26)"]}
{"uuid": "b07716682c", "date": "2010-01-01T00:00:00", "values": ["ProstateCancer RNG auto (entropy, spawn key) = (0, 27)"]}
{"uuid": "b07716682c", "date": "2010-01-01T00:00:00", "values": ["RTI RNG auto (entropy, spawn key) = (0, 28)"]}
{"uuid": "b07716682c", "date": "2010-01-01T00:00:00", "values": ["Copd RNG auto (entropy, spawn key) = (0, 29)"]}
{"uuid": "b07716682c", "date": "2010-01-01T00:00:00", "values": ["Depression RNG auto (entropy, spawn key) = (0, 30)"]}
{"uuid": "b07716682c", "date": "2010-01-01T00:00:00", "values": ["Epilepsy RNG auto (entropy, spawn key) = (0, 31)"]}
{"uuid": "dc8474b6b3", "type": "header", "module": "tlo.population", "key": "info", "level": "INFO", "columns": {"message": "str"}, "description": null}
{"uuid": "dc8474b6b3", "date": "2010-01-01T00:00:00", "values": ["Dataframe capacity append size: 1000"]}
{"uuid": "b07716682c", "date": "2010-01-01T00:00:00", "values": ["make_initial_population() 27.662242889404297 s"]}
{"uuid": "e9a19fe1f9", "type": "header", "module": "tlo.methods.demography", "key": "scaling_factor", "level": "WARNING", "columns": {"scaling_factor": "float"}, "description": "The data-to-model scaling factor (based on the initial population size, used to multiply-up results so that they correspond to the real population size."}
{"uuid": "e9a19fe1f9", "date": "2010-01-01T00:00:00", "values": [290.79218000000003]}
{"uuid": "072090a41b", "type": "header", "module": "tlo.methods.population", "key": "scaling_factor", "level": "WARNING", "columns": {"scaling_factor": "float"}, "description": "The data-to-model scaling factor (based on the initial population size, used to multiply-up results so that they correspond to the real population size."}
{"uuid": "072090a41b", "date": "2010-01-01T00:00:00", "values": [290.79218000000003]}
{"uuid": "d5de3a8063", "type": "header", "module": "tlo.profiling", "key": "stats", "level": "INFO", "columns": {"alive": "int", "duration": "float", "time": "str", "total": "int"}, "description": null}
{"uuid": "d5de3a8063", "date": "2010-01-01T00:00:00", "values": [50000, 0.10869239568710327, "2024-09-07T00:22:32.263953", 50000]}
{"uuid": "dc8474b6b3", "date": "2010-01-01T00:00:00", "values": ["Increased capacity of population dataframe to 51000"]}
{"uuid": "d5de3a8063", "date": "2010-04-01T00:00:00", "values": [50283, 17.111085959275563, "2024-09-07T00:39:38.929111", 51000]}
{"uuid": "90f526bf10", "type": "header", "module": "tlo.methods.hiv", "key": "message", "level": "WARNING", "columns": {"message": "str"}, "description": null}
{"uuid": "90f526bf10", "date": "2010-06-06T00:00:00", "values": ["This event should not be running, Hiv_DecisionToContinueTreatment is for those already on tx"]}
{"uuid": "90f526bf10", "date": "2010-06-07T00:00:00", "values": ["This event should not be running, Hiv_DecisionToContinueTreatment is for those already on tx"]}
{"uuid": "1e86f25803", "type": "header", "module": "tlo.methods.healthsystem", "key": "message", "level": "WARNING", "columns": {"message": "str"}, "description": null}
{"uuid": "1e86f25803", "date": "2010-06-12T00:00:00", "values": ["Tb_Test_FollowUp actual_footprint requires differentofficers than expected_footprint."]}
{"uuid": "d5de3a8063", "date": "2010-07-01T00:00:00", "values": [50592, 18.274395712216695, "2024-09-07T00:57:55.392851", 51000]}
{"uuid": "dc8474b6b3", "date": "2010-07-09T00:00:00", "values": ["Increased capacity of population dataframe to 52000"]}
{"uuid": "90f526bf10", "date": "2010-07-27T00:00:00", "values": ["This event should not be running, Hiv_DecisionToContinueTreatment is for those already on tx"]}
{"uuid": "90f526bf10", "date": "2010-09-11T00:00:00", "values": ["This event should not be running, Hiv_DecisionToContinueTreatment is for those already on tx"]}
{"uuid": "1e86f25803", "date": "2010-09-12T00:00:00", "values": ["Tb_Test_FollowUp actual_footprint requires differentofficers than expected_footprint."]}
{"uuid": "d5de3a8063", "date": "2010-10-01T00:00:00", "values": [51106, 20.00753734111786, "2024-09-07T01:17:55.845091", 52000]}
{"uuid": "63d828121b", "type": "header", "module": "tlo.methods.rti", "key": "warning", "level": "WARNING", "columns": {"message": "str"}, "description": null}
{"uuid": "63d828121b", "date": "2010-11-10T00:00:00", "values": ["rt disability < 0 in rti_alter_daly_post_treatment"]}
{"uuid": "dc8474b6b3", "date": "2010-12-01T00:00:00", "values": ["Increased capacity of population dataframe to 53000"]}
{"uuid": "d5de3a8063", "date": "2011-01-01T00:00:00", "values": [51534, 21.819919582207998, "2024-09-07T01:39:45.040266", 53000]}
{"uuid": "d5de3a8063", "date": "2011-04-01T00:00:00", "values": [51853, 23.870582671960197, "2024-09-07T02:03:37.275226", 53000]}
{"uuid": "90f526bf10", "date": "2011-04-01T00:00:00", "values": ["This event should not be running, Hiv_DecisionToContinueTreatment is for those already on tx"]}
{"uuid": "63d828121b", "date": "2011-04-12T00:00:00", "values": ["rt disability < 0 in rti_alter_daly_post_treatment"]}
{"uuid": "63d828121b", "date": "2011-04-19T00:00:00", "values": ["rt disability < 0 in rti_alter_daly_post_treatment"]}
{"uuid": "dc8474b6b3", "date": "2011-05-12T00:00:00", "values": ["Increased capacity of population dataframe to 54000"]}
{"uuid": "90f526bf10", "date": "2011-06-13T00:00:00", "values": ["This event should not be running, Hiv_DecisionToContinueTreatment is for those already on tx"]}
{"uuid": "90f526bf10", "date": "2011-06-23T00:00:00", "values": ["This event should not be running, Hiv_DecisionToContinueTreatment is for those already on tx"]}
{"uuid": "d5de3a8063", "date": "2011-07-01T00:00:00", "values": [52232, 22.62483550707499, "2024-09-07T02:26:14.765358", 54000]}
{"uuid": "90f526bf10", "date": "2011-07-11T00:00:00", "values": ["This event should not be running, Hiv_DecisionToContinueTreatment is for those already on tx"]}
{"uuid": "90f526bf10", "date": "2011-07-12T00:00:00", "values": ["This event should not be running, Hiv_DecisionToContinueTreatment is for those already on tx"]}
{"uuid": "90f526bf10", "date": "2011-07-27T00:00:00", "values": ["This event should not be running, Hiv_DecisionToContinueTreatment is for those already on tx"]}
{"uuid": "90f526bf10", "date": "2011-07-29T00:00:00", "values": ["This event should not be running, Hiv_DecisionToContinueTreatment is for those already on tx"]}
{"uuid": "90f526bf10", "date": "2011-08-04T00:00:00", "values": ["This event should not be running, Hiv_DecisionToContinueTreatment is for those already on tx"]}
{"uuid": "90f526bf10", "date": "2011-09-05T00:00:00", "values": ["This event should not be running, Hiv_DecisionToContinueTreatment is for those already on tx"]}
{"uuid": "d5de3a8063", "date": "2011-10-01T00:00:00", "values": [52614, 21.551648235321046, "2024-09-07T02:47:47.864251", 54000]}
{"uuid": "dc8474b6b3", "date": "2011-10-29T00:00:00", "values": ["Increased capacity of population dataframe to 55000"]}
{"uuid": "d5de3a8063", "date": "2012-01-01T00:00:00", "values": [53022, 20.882247841358186, "2024-09-07T03:08:40.799123", 55000]}
{"uuid": "d5de3a8063", "date": "2012-04-01T00:00:00", "values": [53441, 23.62725048859914, "2024-09-07T03:32:18.434154", 55000]}
{"uuid": "90f526bf10", "date": "2012-04-02T00:00:00", "values": ["This event should not be running, Hiv_DecisionToContinueTreatment is for those already on tx"]}
{"uuid": "90f526bf10", "date": "2012-04-11T00:00:00", "values": ["This event should not be running, Hiv_DecisionToContinueTreatment is for those already on tx"]}
{"uuid": "dc8474b6b3", "date": "2012-04-11T00:00:00", "values": ["Increased capacity of population dataframe to 56000"]}
{"uuid": "63d828121b", "date": "2012-04-11T00:00:00", "values": ["rt disability < 0 in rti_alter_daly_post_treatment"]}
{"uuid": "90f526bf10", "date": "2012-04-30T00:00:00", "values": ["This event should not be running, Hiv_DecisionToContinueTreatment is for those already on tx"]}
{"uuid": "90f526bf10", "date": "2012-05-02T00:00:00", "values": ["This event should not be running, Hiv_DecisionToContinueTreatment is for those already on tx"]}
{"uuid": "90f526bf10", "date": "2012-05-28T00:00:00", "values": ["This event should not be running, Hiv_DecisionToContinueTreatment is for those already on tx"]}
{"uuid": "90f526bf10", "date": "2012-06-10T00:00:00", "values": ["This event should not be running, Hiv_DecisionToContinueTreatment is for those already on tx"]}
{"uuid": "90f526bf10", "date": "2012-06-26T00:00:00", "values": ["This event should not be running, Hiv_DecisionToContinueTreatment is for those already on tx"]}
{"uuid": "d5de3a8063", "date": "2012-07-01T00:00:00", "values": [53888, 22.87332995335261, "2024-09-07T03:55:10.833948", 56000]}
{"uuid": "90f526bf10", "date": "2012-07-08T00:00:00", "values": ["This event should not be running, Hiv_DecisionToContinueTreatment is for those already on tx"]}
{"uuid": "90f526bf10", "date": "2012-07-26T00:00:00", "values": ["This event should not be running, Hiv_DecisionToContinueTreatment is for those already on tx"]}
{"uuid": "63d828121b", "date": "2012-08-08T00:00:00", "values": ["rt disability < 0 in rti_alter_daly_post_treatment"]}
{"uuid": "90f526bf10", "date": "2012-08-10T00:00:00", "values": ["This event should not be running, Hiv_DecisionToContinueTreatment is for those already on tx"]}
{"uuid": "90f526bf10", "date": "2012-08-10T00:00:00", "values": ["This event should not be running, Hiv_DecisionToContinueTreatment is for those already on tx"]}
{"uuid": "1e86f25803", "date": "2012-08-13T00:00:00", "values": ["Tb_Test_FollowUp actual_footprint requires differentofficers than expected_footprint."]}
{"uuid": "90f526bf10", "date": "2012-08-16T00:00:00", "values": ["This event should not be running, Hiv_DecisionToContinueTreatment is for those already on tx"]}
{"uuid": "90f526bf10", "date": "2012-08-21T00:00:00", "values": ["This event should not be running, Hiv_DecisionToContinueTreatment is for those already on tx"]}
{"uuid": "90f526bf10", "date": "2012-09-05T00:00:00", "values": ["This event should not be running, Hiv_DecisionToContinueTreatment is for those already on tx"]}
{"uuid": "1e86f25803", "date": "2012-09-09T00:00:00", "values": ["Tb_Test_FollowUp actual_footprint requires differentofficers than expected_footprint."]}
{"uuid": "dc8474b6b3", "date": "2012-09-25T00:00:00", "values": ["Increased capacity of population dataframe to 57000"]}
{"uuid": "d5de3a8063", "date": "2012-10-01T00:00:00", "values": [54288, 23.105542922019957, "2024-09-07T04:18:17.166523", 57000]}
{"uuid": "1e86f25803", "date": "2012-10-13T00:00:00", "values": ["Tb_Test_FollowUp actual_footprint requires differentofficers than expected_footprint."]}
{"uuid": "1e86f25803", "date": "2012-11-15T00:00:00", "values": ["Tb_Test_FollowUp actual_footprint requires differentofficers than expected_footprint."]}
{"uuid": "1e86f25803", "date": "2012-11-27T00:00:00", "values": ["Tb_Test_FollowUp actual_footprint requires differentofficers than expected_footprint."]}
{"uuid": "d5de3a8063", "date": "2013-01-01T00:00:00", "values": [54717, 21.740381081899006, "2024-09-07T04:40:01.589391", 57000]}
{"uuid": "90f526bf10", "date": "2013-01-08T00:00:00", "values": ["This event should not be running, Hiv_DecisionToContinueTreatment is for those already on tx"]}
{"uuid": "dc8474b6b3", "date": "2013-02-26T00:00:00", "values": ["Increased capacity of population dataframe to 58000"]}
{"uuid": "d5de3a8063", "date": "2013-04-01T00:00:00", "values": [55196, 24.919097590446473, "2024-09-07T05:04:56.735244", 58000]}
{"uuid": "90f526bf10", "date": "2013-05-09T00:00:00", "values": ["This event should not be running, Hiv_DecisionToContinueTreatment is for those already on tx"]}
{"uuid": "63d828121b", "date": "2013-05-10T00:00:00", "values": ["rt disability < 0 in rti_alter_daly_post_treatment"]}
{"uuid": "90f526bf10", "date": "2013-05-18T00:00:00", "values": ["This event should not be running, Hiv_DecisionToContinueTreatment is for those already on tx"]}
{"uuid": "90f526bf10", "date": "2013-06-23T00:00:00", "values": ["This event should not be running, Hiv_DecisionToContinueTreatment is for those already on tx"]}
{"uuid": "d5de3a8063", "date": "2013-07-01T00:00:00", "values": [55628, 23.946820588906608, "2024-09-07T05:28:53.544479", 58000]}
{"uuid": "90f526bf10", "date": "2013-07-11T00:00:00", "values": ["This event should not be running, Hiv_DecisionToContinueTreatment is for those already on tx"]}
{"uuid": "1e86f25803", "date": "2013-07-19T00:00:00", "values": ["Tb_Test_Screening actual_footprint requires differentofficers than expected_footprint."]}
{"uuid": "dc8474b6b3", "date": "2013-08-05T00:00:00", "values": ["Increased capacity of population dataframe to 59000"]}
{"uuid": "90f526bf10", "date": "2013-08-15T00:00:00", "values": ["This event should not be running, Hiv_DecisionToContinueTreatment is for those already on tx"]}
{"uuid": "90f526bf10", "date": "2013-09-30T00:00:00", "values": ["This event should not be running, Hiv_DecisionToContinueTreatment is for those already on tx"]}
{"uuid": "d5de3a8063", "date": "2013-10-01T00:00:00", "values": [56045, 24.4943598429362, "2024-09-07T05:53:23.206069", 59000]}
{"uuid": "d5de3a8063", "date": "2014-01-01T00:00:00", "values": [56511, 22.80870164632797, "2024-09-07T06:16:11.728168", 59000]}
{"uuid": "dc8474b6b3", "date": "2014-01-15T00:00:00", "values": ["Increased capacity of population dataframe to 60000"]}
{"uuid": "63d828121b", "date": "2014-02-09T00:00:00", "values": ["rt disability < 0 in rti_alter_daly_post_treatment"]}
{"uuid": "90f526bf10", "date": "2014-03-31T00:00:00", "values": ["This event should not be running, Hiv_DecisionToContinueTreatment is for those already on tx"]}
{"uuid": "d5de3a8063", "date": "2014-04-01T00:00:00", "values": [56933, 26.729570750395457, "2024-09-07T06:42:55.502413", 60000]}
{"uuid": "90f526bf10", "date": "2014-04-23T00:00:00", "values": ["This event should not be running, Hiv_DecisionToContinueTreatment is for those already on tx"]}
{"uuid": "90f526bf10", "date": "2014-06-08T00:00:00", "values": ["This event should not be running, Hiv_DecisionToContinueTreatment is for those already on tx"]}
{"uuid": "dc8474b6b3", "date": "2014-06-16T00:00:00", "values": ["Increased capacity of population dataframe to 61000"]}
{"uuid": "d5de3a8063", "date": "2014-07-01T00:00:00", "values": [57392, 25.110882620016735, "2024-09-07T07:08:02.155371", 61000]}
{"uuid": "90f526bf10", "date": "2014-07-15T00:00:00", "values": ["This event should not be running, Hiv_DecisionToContinueTreatment is for those already on tx"]}
{"uuid": "90f526bf10", "date": "2014-08-04T00:00:00", "values": ["This event should not be running, Hiv_DecisionToContinueTreatment is for those already on tx"]}
{"uuid": "90f526bf10", "date": "2014-08-09T00:00:00", "values": ["This event should not be running, Hiv_DecisionToContinueTreatment is for those already on tx"]}
{"uuid": "90f526bf10", "date": "2014-09-24T00:00:00", "values": ["This event should not be running, Hiv_DecisionToContinueTreatment is for those already on tx"]}
{"uuid": "90f526bf10", "date": "2014-09-24T00:00:00", "values": ["This event should not be running, Hiv_DecisionToContinueTreatment is for those already on tx"]}
{"uuid": "d5de3a8063", "date": "2014-10-01T00:00:00", "values": [57801, 24.993026852607727, "2024-09-07T07:33:01.736982", 61000]}
{"uuid": "63d828121b", "date": "2014-10-10T00:00:00", "values": ["rt disability < 0 in rti_alter_daly_post_treatment"]}
{"uuid": "dc8474b6b3", "date": "2014-11-20T00:00:00", "values": ["Increased capacity of population dataframe to 62000"]}
{"uuid": "90f526bf10", "date": "2014-11-28T00:00:00", "values": ["This event should not be running, Hiv_DecisionToContinueTreatment is for those already on tx"]}
{"uuid": "b07716682c", "date": "2015-01-01T00:00:00", "values": ["simulate() 27296.216745376587 s"]}
