{"uuid": "b07716682c", "type": "header", "module": "tlo.simulation", "key": "info", "level": "INFO", "columns": {"message": "str"}, "description": null}
{"uuid": "b07716682c", "date": "2010-01-01T00:00:00", "values": ["Log output: profiling_results/2024/10/26/0022/scale_run_profiling__2024-10-26T002252.log"]}
{"uuid": "b07716682c", "date": "2010-01-01T00:00:00", "values": ["Simulation RNG user entropy = 0"]}
{"uuid": "b07716682c", "date": "2010-01-01T00:00:00", "values": ["Demography RNG auto (entropy, spawn key) = (0, 0)"]}
{"uuid": "b07716682c", "date": "2010-01-01T00:00:00", "values": ["Lifestyle RNG auto (entropy, spawn key) = (0, 1)"]}
{"uuid": "b07716682c", "date": "2010-01-01T00:00:00", "values": ["HealthBurden RNG auto (entropy, spawn key) = (0, 2)"]}
{"uuid": "b07716682c", "date": "2010-01-01T00:00:00", "values": ["HealthSystem RNG auto (entropy, spawn key) = (0, 3)"]}
{"uuid": "b07716682c", "date": "2010-01-01T00:00:00", "values": ["SymptomManager RNG auto (entropy, spawn key) = (0, 4)"]}
{"uuid": "b07716682c", "date": "2010-01-01T00:00:00", "values": ["HealthSeekingBehaviour RNG auto (entropy, spawn key) = (0, 5)"]}
{"uuid": "b07716682c", "date": "2010-01-01T00:00:00", "values": ["Epi RNG auto (entropy, spawn key) = (0, 6)"]}
{"uuid": "b07716682c", "date": "2010-01-01T00:00:00", "values": ["Contraception RNG auto (entropy, spawn key) = (0, 7)"]}
{"uuid": "b07716682c", "date": "2010-01-01T00:00:00", "values": ["Hiv RNG auto (entropy, spawn key) = (0, 8)"]}
{"uuid": "b07716682c", "date": "2010-01-01T00:00:00", "values": ["CardioMetabolicDisorders RNG auto (entropy, spawn key) = (0, 9)"]}
{"uuid": "b07716682c", "date": "2010-01-01T00:00:00", "values": ["Malaria RNG auto (entropy, spawn key) = (0, 10)"]}
{"uuid": "b07716682c", "date": "2010-01-01T00:00:00", "values": ["PregnancySupervisor RNG auto (entropy, spawn key) = (0, 11)"]}
{"uuid": "b07716682c", "date": "2010-01-01T00:00:00", "values": ["CareOfWomenDuringPregnancy RNG auto (entropy, spawn key) = (0, 12)"]}
{"uuid": "b07716682c", "date": "2010-01-01T00:00:00", "values": ["NewbornOutcomes RNG auto (entropy, spawn key) = (0, 13)"]}
{"uuid": "b07716682c", "date": "2010-01-01T00:00:00", "values": ["Wasting RNG auto (entropy, spawn key) = (0, 14)"]}
{"uuid": "b07716682c", "date": "2010-01-01T00:00:00", "values": ["Diarrhoea RNG auto (entropy, spawn key) = (0, 15)"]}
{"uuid": "b07716682c", "date": "2010-01-01T00:00:00", "values": ["Stunting RNG auto (entropy, spawn key) = (0, 16)"]}
{"uuid": "b07716682c", "date": "2010-01-01T00:00:00", "values": ["Labour RNG auto (entropy, spawn key) = (0, 17)"]}
{"uuid": "b07716682c", "date": "2010-01-01T00:00:00", "values": ["PostnatalSupervisor RNG auto (entropy, spawn key) = (0, 18)"]}
{"uuid": "b07716682c", "date": "2010-01-01T00:00:00", "values": ["Alri RNG auto (entropy, spawn key) = (0, 19)"]}
{"uuid": "b07716682c", "date": "2010-01-01T00:00:00", "values": ["Measles RNG auto (entropy, spawn key) = (0, 20)"]}
{"uuid": "b07716682c", "date": "2010-01-01T00:00:00", "values": ["Schisto RNG auto (entropy, spawn key) = (0, 21)"]}
{"uuid": "b07716682c", "date": "2010-01-01T00:00:00", "values": ["Tb RNG auto (entropy, spawn key) = (0, 22)"]}
{"uuid": "b07716682c", "date": "2010-01-01T00:00:00", "values": ["BladderCancer RNG auto (entropy, spawn key) = (0, 23)"]}
{"uuid": "b07716682c", "date": "2010-01-01T00:00:00", "values": ["BreastCancer RNG auto (entropy, spawn key) = (0, 24)"]}
{"uuid": "b07716682c", "date": "2010-01-01T00:00:00", "values": ["OesophagealCancer RNG auto (entropy, spawn key) = (0, 25)"]}
{"uuid": "b07716682c", "date": "2010-01-01T00:00:00", "values": ["OtherAdultCancer RNG auto (entropy, spawn key) = (0, 26)"]}
{"uuid": "b07716682c", "date": "2010-01-01T00:00:00", "values": ["ProstateCancer RNG auto (entropy, spawn key) = (0, 27)"]}
{"uuid": "b07716682c", "date": "2010-01-01T00:00:00", "values": ["RTI RNG auto (entropy, spawn key) = (0, 28)"]}
{"uuid": "b07716682c", "date": "2010-01-01T00:00:00", "values": ["Copd RNG auto (entropy, spawn key) = (0, 29)"]}
{"uuid": "b07716682c", "date": "2010-01-01T00:00:00", "values": ["Depression RNG auto (entropy, spawn key) = (0, 30)"]}
{"uuid": "b07716682c", "date": "2010-01-01T00:00:00", "values": ["Epilepsy RNG auto (entropy, spawn key) = (0, 31)"]}
{"uuid": "dc8474b6b3", "type": "header", "module": "tlo.population", "key": "info", "level": "INFO", "columns": {"message": "str"}, "description": null}
{"uuid": "dc8474b6b3", "date": "2010-01-01T00:00:00", "values": ["Dataframe capacity append size: 1000"]}
{"uuid": "b07716682c", "date": "2010-01-01T00:00:00", "values": ["make_initial_population() 27.840068578720093 s"]}
{"uuid": "e9a19fe1f9", "type": "header", "module": "tlo.methods.demography", "key": "scaling_factor", "level": "WARNING", "columns": {"scaling_factor": "float"}, "description": "The data-to-model scaling factor (based on the initial population size, used to multiply-up results so that they correspond to the real population size."}
{"uuid": "e9a19fe1f9", "date": "2010-01-01T00:00:00", "values": [290.79218000000003]}
{"uuid": "072090a41b", "type": "header", "module": "tlo.methods.population", "key": "scaling_factor", "level": "WARNING", "columns": {"scaling_factor": "float"}, "description": "The data-to-model scaling factor (based on the initial population size, used to multiply-up results so that they correspond to the real population size."}
{"uuid": "072090a41b", "date": "2010-01-01T00:00:00", "values": [290.79218000000003]}
{"uuid": "d5de3a8063", "type": "header", "module": "tlo.profiling", "key": "stats", "level": "INFO", "columns": {"duration_minutes": "float", "memory_rss_MiB": "float", "memory_uss_MiB": "float", "memory_vms_MiB": "float", "pop_df_mem_MiB": "float", "pop_df_number_alive": "int", "pop_df_rows": "int", "time": "str"}, "description": null}
{"uuid": "d5de3a8063", "date": "2010-01-01T00:00:00", "values": [0.11222022771835327, 631.5859375, 620.44140625, 876.56640625, 88.8384256362915, 50000, 50000, "2024-10-26T00:23:33.618963"]}
{"uuid": "dc8474b6b3", "date": "2010-01-01T00:00:00", "values": ["Increased capacity of population dataframe to 51000"]}
{"uuid": "d5de3a8063", "date": "2010-02-01T00:00:00", "values": [4.97686599890391, 705.55078125, 694.51953125, 951.3671875, 90.53917789459229, 50122, 51000, "2024-10-26T00:28:32.230920"]}
{"uuid": "d5de3a8063", "date": "2010-03-01T00:00:00", "values": [5.451841719945272, 869.10546875, 857.94921875, 1114.734375, 90.55117130279541, 50196, 51000, "2024-10-26T00:33:59.341421"]}
{"uuid": "d5de3a8063", "date": "2010-04-01T00:00:00", "values": [7.362663420041402, 1033.2421875, 1022.078125, 1280.203125, 90.56572818756104, 50283, 51000, "2024-10-26T00:41:21.101226"]}
{"uuid": "d5de3a8063", "date": "2010-05-01T00:00:00", "values": [6.452400028705597, 1205.38671875, 1194.24609375, 1454.1015625, 90.58010196685791, 50372, 51000, "2024-10-26T00:47:48.245228"]}
{"uuid": "d5de3a8063", "date": "2010-06-01T00:00:00", "values": [5.779183161258698, 1378.4375, 1367.51171875, 1628.36328125, 90.59731388092041, 50510, 51000, "2024-10-26T00:53:34.996218"]}
{"uuid": "90f526bf10", "type": "header", "module": "tlo.methods.hiv", "key": "message", "level": "WARNING", "columns": {"message": "str"}, "description": null}
{"uuid": "90f526bf10", "date": "2010-06-06T00:00:00", "values": ["This event should not be running, Hiv_DecisionToContinueTreatment is for those already on tx"]}
{"uuid": "90f526bf10", "date": "2010-06-07T00:00:00", "values": ["This event should not be running, Hiv_DecisionToContinueTreatment is for those already on tx"]}
{"uuid": "1e86f25803", "type": "header", "module": "tlo.methods.healthsystem", "key": "message", "level": "WARNING", "columns": {"message": "str"}, "description": null}
{"uuid": "1e86f25803", "date": "2010-06-12T00:00:00", "values": ["Tb_Test_FollowUp actual_footprint requires differentofficers than expected_footprint."]}
{"uuid": "d5de3a8063", "date": "2010-07-01T00:00:00", "values": [6.234538805484772, 1545.1484375, 1534.15234375, 1792.1484375, 90.60979557037354, 50592, 51000, "2024-10-26T00:59:49.068546"]}
{"uuid": "dc8474b6b3", "date": "2010-07-09T00:00:00", "values": ["Increased capacity of population dataframe to 52000"]}
{"uuid": "90f526bf10", "date": "2010-07-27T00:00:00", "values": ["This event should not be running, Hiv_DecisionToContinueTreatment is for those already on tx"]}
{"uuid": "d5de3a8063", "date": "2010-08-01T00:00:00", "values": [6.424641402562459, 1696.4921875, 1685.43359375, 1945.08203125, 92.31213474273682, 50749, 52000, "2024-10-26T01:06:14.547031"]}
{"uuid": "d5de3a8063", "date": "2010-09-01T00:00:00", "values": [6.504875274499257, 1698.234375, 1687.21484375, 1946.86328125, 92.32846164703369, 50873, 52000, "2024-10-26T01:12:44.839547"]}
{"uuid": "90f526bf10", "date": "2010-09-11T00:00:00", "values": ["This event should not be running, Hiv_DecisionToContinueTreatment is for those already on tx"]}
{"uuid": "1e86f25803", "date": "2010-09-12T00:00:00", "values": ["Tb_Test_FollowUp actual_footprint requires differentofficers than expected_footprint."]}
{"uuid": "d5de3a8063", "date": "2010-10-01T00:00:00", "values": [7.427818449338277, 1704.33203125, 1693.38671875, 1948.69140625, 92.35662937164307, 51106, 52000, "2024-10-26T01:20:10.508654"]}
{"uuid": "d5de3a8063", "date": "2010-11-01T00:00:00", "values": [7.353459997971853, 1690.375, 1679.2109375, 1933.94921875, 92.37390232086182, 51241, 52000, "2024-10-26T01:27:31.716254"]}
{"uuid": "63d828121b", "type": "header", "module": "tlo.methods.rti", "key": "warning", "level": "WARNING", "columns": {"message": "str"}, "description": null}
{"uuid": "63d828121b", "date": "2010-11-10T00:00:00", "values": ["rt disability < 0 in rti_alter_daly_post_treatment"]}
{"uuid": "d5de3a8063", "date": "2010-12-01T00:00:00", "values": [6.530297827720642, 1720.3515625, 1709.234375, 1964.09765625, 92.39013767242432, 51375, 52000, "2024-10-26T01:34:03.534124"]}
{"uuid": "dc8474b6b3", "date": "2010-12-01T00:00:00", "values": ["Increased capacity of population dataframe to 53000"]}
{"uuid": "d5de3a8063", "date": "2011-01-01T00:00:00", "values": [8.152456390857697, 1635.66015625, 1624.49609375, 1879.234375, 94.09265995025635, 51534, 53000, "2024-10-26T01:42:12.681507"]}
{"uuid": "d5de3a8063", "date": "2011-02-01T00:00:00", "values": [7.429915404319763, 1653.91796875, 1642.8984375, 1897.76171875, 94.11048221588135, 51670, 53000, "2024-10-26T01:49:38.476434"]}
{"uuid": "d5de3a8063", "date": "2011-03-01T00:00:00", "values": [7.910931098461151, 1635.66015625, 1624.49609375, 1879.234375, 94.1290979385376, 51793, 53000, "2024-10-26T01:57:33.132297"]}
{"uuid": "90f526bf10", "date": "2011-04-01T00:00:00", "values": ["This event should not be running, Hiv_DecisionToContinueTreatment is for those already on tx"]}
{"uuid": "d5de3a8063", "date": "2011-04-01T00:00:00", "values": [8.795098078250884, 1650.28515625, 1639.3125, 1895.08203125, 94.14493656158447, 51853, 53000, "2024-10-26T02:06:20.838181"]}
{"uuid": "63d828121b", "date": "2011-04-12T00:00:00", "values": ["rt disability < 0 in rti_alter_daly_post_treatment"]}
{"uuid": "63d828121b", "date": "2011-04-19T00:00:00", "values": ["rt disability < 0 in rti_alter_daly_post_treatment"]}
{"uuid": "d5de3a8063", "date": "2011-05-01T00:00:00", "values": [7.772901837031046, 1699.98828125, 1688.9921875, 1943.30078125, 94.16166019439697, 51962, 53000, "2024-10-26T02:14:07.212292"]}
{"uuid": "dc8474b6b3", "date": "2011-05-12T00:00:00", "values": ["Increased capacity of population dataframe to 54000"]}
{"uuid": "d5de3a8063", "date": "2011-06-01T00:00:00", "values": [7.545733376344045, 1860.87890625, 1849.73046875, 2105.90234375, 95.86189365386963, 52076, 54000, "2024-10-26T02:21:39.956295"]}
{"uuid": "90f526bf10", "date": "2011-06-13T00:00:00", "values": ["This event should not be running, Hiv_DecisionToContinueTreatment is for those already on tx"]}
{"uuid": "90f526bf10", "date": "2011-06-23T00:00:00", "values": ["This event should not be running, Hiv_DecisionToContinueTreatment is for those already on tx"]}
{"uuid": "d5de3a8063", "date": "2011-07-01T00:00:00", "values": [7.794606272379557, 1846.2265625, 1835.0625, 2091.109375, 95.881272315979, 52232, 54000, "2024-10-26T02:29:27.632671"]}
{"uuid": "90f526bf10", "date": "2011-07-11T00:00:00", "values": ["This event should not be running, Hiv_DecisionToContinueTreatment is for those already on tx"]}
{"uuid": "90f526bf10", "date": "2011-07-12T00:00:00", "values": ["This event should not be running, Hiv_DecisionToContinueTreatment is for those already on tx"]}
{"uuid": "90f526bf10", "date": "2011-07-27T00:00:00", "values": ["This event should not be running, Hiv_DecisionToContinueTreatment is for those already on tx"]}
{"uuid": "90f526bf10", "date": "2011-07-29T00:00:00", "values": ["This event should not be running, Hiv_DecisionToContinueTreatment is for those already on tx"]}
{"uuid": "d5de3a8063", "date": "2011-08-01T00:00:00", "values": [7.300542990366618, 1863.99609375, 1852.9453125, 2108.8671875, 95.8989725112915, 52382, 54000, "2024-10-26T02:36:45.665251"]}
{"uuid": "90f526bf10", "date": "2011-08-04T00:00:00", "values": ["This event should not be running, Hiv_DecisionToContinueTreatment is for those already on tx"]}
{"uuid": "d5de3a8063", "date": "2011-09-01T00:00:00", "values": [7.051195243994395, 1887.75, 1876.5859375, 2131.25, 95.91291904449463, 52486, 54000, "2024-10-26T02:43:48.736965"]}
{"uuid": "90f526bf10", "date": "2011-09-05T00:00:00", "values": ["This event should not be running, Hiv_DecisionToContinueTreatment is for those already on tx"]}
{"uuid": "d5de3a8063", "date": "2011-10-01T00:00:00", "values": [7.569524908065796, 1876.21875, 1865.0546875, 2119.39453125, 95.92878818511963, 52614, 54000, "2024-10-26T02:51:22.908459"]}
{"uuid": "dc8474b6b3", "date": "2011-10-29T00:00:00", "values": ["Increased capacity of population dataframe to 55000"]}
{"uuid": "d5de3a8063", "date": "2011-11-01T00:00:00", "values": [6.960493306318919, 1893.40625, 1882.46875, 2138.41796875, 97.62798404693604, 52738, 55000, "2024-10-26T02:58:20.538058"]}
{"uuid": "d5de3a8063", "date": "2011-12-01T00:00:00", "values": [6.75889759461085, 1893.71484375, 1882.56640625, 2138.515625, 97.64522647857666, 52890, 55000, "2024-10-26T03:05:06.071914"]}
{"uuid": "d5de3a8063", "date": "2012-01-01T00:00:00", "values": [7.673450525601705, 1906.8671875, 1895.765625, 2151.6015625, 97.66109561920166, 53022, 55000, "2024-10-26T03:12:46.478947"]}
{"uuid": "d5de3a8063", "date": "2012-02-01T00:00:00", "values": [7.463546677430471, 1935.203125, 1924.22265625, 2179.046875, 97.68050479888916, 53198, 55000, "2024-10-26T03:20:14.291745"]}
{"uuid": "d5de3a8063", "date": "2012-03-01T00:00:00", "values": [7.400972334543864, 1939.796875, 1928.63671875, 2183.61328125, 97.69558048248291, 53297, 55000, "2024-10-26T03:27:38.350086"]}
{"uuid": "d5de3a8063", "date": "2012-04-01T00:00:00", "values": [8.892495787143707, 1963.45703125, 1952.29296875, 2207.26953125, 97.71404361724854, 53441, 55000, "2024-10-26T03:36:31.899833"]}
{"uuid": "90f526bf10", "date": "2012-04-02T00:00:00", "values": ["This event should not be running, Hiv_DecisionToContinueTreatment is for those already on tx"]}
{"uuid": "90f526bf10", "date": "2012-04-11T00:00:00", "values": ["This event should not be running, Hiv_DecisionToContinueTreatment is for those already on tx"]}
{"uuid": "dc8474b6b3", "date": "2012-04-11T00:00:00", "values": ["Increased capacity of population dataframe to 56000"]}
{"uuid": "63d828121b", "date": "2012-04-11T00:00:00", "values": ["rt disability < 0 in rti_alter_daly_post_treatment"]}
{"uuid": "90f526bf10", "date": "2012-04-30T00:00:00", "values": ["This event should not be running, Hiv_DecisionToContinueTreatment is for those already on tx"]}
{"uuid": "d5de3a8063", "date": "2012-05-01T00:00:00", "values": [7.830563259124756, 2104.703125, 2093.5625, 2350.3046875, 99.41592502593994, 53601, 56000, "2024-10-26T03:44:21.733628"]}
{"uuid": "90f526bf10", "date": "2012-05-02T00:00:00", "values": ["This event should not be running, Hiv_DecisionToContinueTreatment is for those already on tx"]}
{"uuid": "90f526bf10", "date": "2012-05-28T00:00:00", "values": ["This event should not be running, Hiv_DecisionToContinueTreatment is for those already on tx"]}
{"uuid": "d5de3a8063", "date": "2012-06-01T00:00:00", "values": [7.389423875013987, 2120.85546875, 2109.734375, 2366.5859375, 99.43249607086182, 53731, 56000, "2024-10-26T03:51:45.099061"]}
{"uuid": "90f526bf10", "date": "2012-06-10T00:00:00", "values": ["This event should not be running, Hiv_DecisionToContinueTreatment is for those already on tx"]}
{"uuid": "90f526bf10", "date": "2012-06-26T00:00:00", "values": ["This event should not be running, Hiv_DecisionToContinueTreatment is for those already on tx"]}
{"uuid": "d5de3a8063", "date": "2012-07-01T00:00:00", "values": [8.03833608229955, 2164.30078125, 2153.296875, 2410.5234375, 99.45086765289307, 53888, 56000, "2024-10-26T03:59:47.399225"]}
{"uuid": "90f526bf10", "date": "2012-07-08T00:00:00", "values": ["This event should not be running, Hiv_DecisionToContinueTreatment is for those already on tx"]}
{"uuid": "90f526bf10", "date": "2012-07-26T00:00:00", "values": ["This event should not be running, Hiv_DecisionToContinueTreatment is for those already on tx"]}
{"uuid": "d5de3a8063", "date": "2012-08-01T00:00:00", "values": [7.20773731470108, 2148.77734375, 2137.62109375, 2392.52734375, 99.46493625640869, 54008, 56000, "2024-10-26T04:06:59.863465"]}
{"uuid": "63d828121b", "date": "2012-08-08T00:00:00", "values": ["rt disability < 0 in rti_alter_daly_post_treatment"]}
{"uuid": "90f526bf10", "date": "2012-08-10T00:00:00", "values": ["This event should not be running, Hiv_DecisionToContinueTreatment is for those already on tx"]}
{"uuid": "90f526bf10", "date": "2012-08-10T00:00:00", "values": ["This event should not be running, Hiv_DecisionToContinueTreatment is for those already on tx"]}
{"uuid": "1e86f25803", "date": "2012-08-13T00:00:00", "values": ["Tb_Test_FollowUp actual_footprint requires differentofficers than expected_footprint."]}
{"uuid": "90f526bf10", "date": "2012-08-16T00:00:00", "values": ["This event should not be running, Hiv_DecisionToContinueTreatment is for those already on tx"]}
{"uuid": "90f526bf10", "date": "2012-08-21T00:00:00", "values": ["This event should not be running, Hiv_DecisionToContinueTreatment is for those already on tx"]}
{"uuid": "d5de3a8063", "date": "2012-09-01T00:00:00", "values": [7.936957085132599, 2201.01171875, 2190.08203125, 2445.40234375, 99.48086643218994, 54136, 56000, "2024-10-26T04:14:56.080889"]}
{"uuid": "90f526bf10", "date": "2012-09-05T00:00:00", "values": ["This event should not be running, Hiv_DecisionToContinueTreatment is for those already on tx"]}
{"uuid": "1e86f25803", "date": "2012-09-09T00:00:00", "values": ["Tb_Test_FollowUp actual_footprint requires differentofficers than expected_footprint."]}
{"uuid": "dc8474b6b3", "date": "2012-09-25T00:00:00", "values": ["Increased capacity of population dataframe to 57000"]}
{"uuid": "d5de3a8063", "date": "2012-10-01T00:00:00", "values": [8.289776551723481, 2262.17578125, 2251.24609375, 2506.83203125, 101.18131351470947, 54288, 57000, "2024-10-26T04:23:13.467484"]}
{"uuid": "1e86f25803", "date": "2012-10-13T00:00:00", "values": ["Tb_Test_FollowUp actual_footprint requires differentofficers than expected_footprint."]}
{"uuid": "d5de3a8063", "date": "2012-11-01T00:00:00", "values": [7.327530439694723, 2208.2578125, 2197.09375, 2452.7734375, 101.1989221572876, 54431, 57000, "2024-10-26T04:30:33.119311"]}
{"uuid": "1e86f25803", "date": "2012-11-15T00:00:00", "values": ["Tb_Test_FollowUp actual_footprint requires differentofficers than expected_footprint."]}
{"uuid": "1e86f25803", "date": "2012-11-27T00:00:00", "values": ["Tb_Test_FollowUp actual_footprint requires differentofficers than expected_footprint."]}
{"uuid": "d5de3a8063", "date": "2012-12-01T00:00:00", "values": [6.9797966082890825, 2260.44140625, 2249.48046875, 2505.50390625, 101.21628665924072, 54585, 57000, "2024-10-26T04:37:31.907106"]}
{"uuid": "d5de3a8063", "date": "2013-01-01T00:00:00", "values": [7.990444688002269, 2290.78515625, 2279.63671875, 2534.62890625, 101.23368167877197, 54717, 57000, "2024-10-26T04:45:31.333787"]}
{"uuid": "90f526bf10", "date": "2013-01-08T00:00:00", "values": ["This event should not be running, Hiv_DecisionToContinueTreatment is for those already on tx"]}
{"uuid": "d5de3a8063", "date": "2013-02-01T00:00:00", "values": [7.985123304526011, 2310.65234375, 2299.53515625, 2555.2265625, 101.25406742095947, 54900, 57000, "2024-10-26T04:53:30.441188"]}
{"uuid": "dc8474b6b3", "date": "2013-02-26T00:00:00", "values": ["Increased capacity of population dataframe to 58000"]}
{"uuid": "d5de3a8063", "date": "2013-03-01T00:00:00", "values": [7.836385118961334, 2308.9140625, 2297.80078125, 2552.984375, 102.956467628479, 55063, 58000, "2024-10-26T05:01:20.624292"]}
{"uuid": "d5de3a8063", "date": "2013-04-01T00:00:00", "values": [9.361118054389953, 2339.765625, 2328.7578125, 2585.13671875, 102.974289894104, 55196, 58000, "2024-10-26T05:10:42.291376"]}
{"uuid": "d5de3a8063", "date": "2013-05-01T00:00:00", "values": [7.779957509040832, 2344.265625, 2333.19140625, 2587.53125, 102.99067783355713, 55323, 58000, "2024-10-26T05:18:29.088829"]}
{"uuid": "90f526bf10", "date": "2013-05-09T00:00:00", "values": ["This event should not be running, Hiv_DecisionToContinueTreatment is for those already on tx"]}
{"uuid": "63d828121b", "date": "2013-05-10T00:00:00", "values": ["rt disability < 0 in rti_alter_daly_post_treatment"]}
{"uuid": "90f526bf10", "date": "2013-05-18T00:00:00", "values": ["This event should not be running, Hiv_DecisionToContinueTreatment is for those already on tx"]}
{"uuid": "d5de3a8063", "date": "2013-06-01T00:00:00", "values": [8.255215911070506, 2361.63671875, 2350.6171875, 2605.62890625, 103.010666847229, 55479, 58000, "2024-10-26T05:26:44.401785"]}
{"uuid": "90f526bf10", "date": "2013-06-23T00:00:00", "values": ["This event should not be running, Hiv_DecisionToContinueTreatment is for those already on tx"]}
{"uuid": "d5de3a8063", "date": "2013-07-01T00:00:00", "values": [8.316622539361317, 2399.02734375, 2388.05078125, 2643.609375, 103.02766513824463, 55628, 58000, "2024-10-26T05:35:03.399134"]}
{"uuid": "90f526bf10", "date": "2013-07-11T00:00:00", "values": ["This event should not be running, Hiv_DecisionToContinueTreatment is for those already on tx"]}
{"uuid": "1e86f25803", "date": "2013-07-19T00:00:00", "values": ["Tb_Test_Screening actual_footprint requires differentofficers than expected_footprint."]}
{"uuid": "d5de3a8063", "date": "2013-08-01T00:00:00", "values": [7.9008974512418115, 2401.09375, 2389.9453125, 2645.41796875, 103.04393100738525, 55766, 58000, "2024-10-26T05:42:57.452981"]}
{"uuid": "dc8474b6b3", "date": "2013-08-05T00:00:00", "values": ["Increased capacity of population dataframe to 59000"]}
{"uuid": "90f526bf10", "date": "2013-08-15T00:00:00", "values": ["This event should not be running, Hiv_DecisionToContinueTreatment is for those already on tx"]}
{"uuid": "d5de3a8063", "date": "2013-09-01T00:00:00", "values": [8.518427201112111, 2458.84765625, 2447.6953125, 2702.50390625, 104.74428653717041, 55911, 59000, "2024-10-26T05:51:28.558613"]}
{"uuid": "90f526bf10", "date": "2013-09-30T00:00:00", "values": ["This event should not be running, Hiv_DecisionToContinueTreatment is for those already on tx"]}
{"uuid": "d5de3a8063", "date": "2013-10-01T00:00:00", "values": [8.340140771865844, 2480.0078125, 2468.84765625, 2724.10546875, 104.76046085357666, 56045, 59000, "2024-10-26T05:59:48.967058"]}
{"uuid": "d5de3a8063", "date": "2013-11-01T00:00:00", "values": [7.468509455521901, 2517.2265625, 2506.17578125, 2761.109375, 104.77858829498291, 56196, 59000, "2024-10-26T06:07:17.077626"]}
{"uuid": "d5de3a8063", "date": "2013-12-01T00:00:00", "values": [7.336672619978587, 2532.3125, 2521.31640625, 2777.16015625, 104.79702091217041, 56356, 59000, "2024-10-26T06:14:37.277983"]}
{"uuid": "d5de3a8063", "date": "2014-01-01T00:00:00", "values": [8.343263256549836, 2566.32421875, 2555.16015625, 2811.66015625, 104.81536197662354, 56511, 59000, "2024-10-26T06:22:57.873779"]}
{"uuid": "dc8474b6b3", "date": "2014-01-15T00:00:00", "values": ["Increased capacity of population dataframe to 60000"]}
{"uuid": "d5de3a8063", "date": "2014-02-01T00:00:00", "values": [8.945983211199442, 2620.55859375, 2609.51953125, 2864.55078125, 106.51641941070557, 56654, 60000, "2024-10-26T06:31:54.632772"]}
{"uuid": "63d828121b", "date": "2014-02-09T00:00:00", "values": ["rt disability < 0 in rti_alter_daly_post_treatment"]}
{"uuid": "d5de3a8063", "date": "2014-03-01T00:00:00", "values": [8.151825575033824, 2639.2109375, 2628.26171875, 2882.68359375, 106.53527927398682, 56793, 60000, "2024-10-26T06:40:03.742306"]}
{"uuid": "90f526bf10", "date": "2014-03-31T00:00:00", "values": ["This event should not be running, Hiv_DecisionToContinueTreatment is for those already on tx"]}
{"uuid": "d5de3a8063", "date": "2014-04-01T00:00:00", "values": [9.541558321317037, 2647.80078125, 2636.734375, 2891.578125, 106.55310153961182, 56933, 60000, "2024-10-26T06:49:36.235805"]}
{"uuid": "90f526bf10", "date": "2014-04-23T00:00:00", "values": ["This event should not be running, Hiv_DecisionToContinueTreatment is for those already on tx"]}
{"uuid": "d5de3a8063", "date": "2014-05-01T00:00:00", "values": [8.656768254439037, 2668.5078125, 2657.4765625, 2912.66015625, 106.56991672515869, 57062, 60000, "2024-10-26T06:58:15.641901"]}
{"uuid": "d5de3a8063", "date": "2014-06-01T00:00:00", "values": [8.249151813983918, 2699.7421875, 2688.78125, 2943.5546875, 106.58963108062744, 57226, 60000, "2024-10-26T07:06:30.591010"]}
{"uuid": "90f526bf10", "date": "2014-06-08T00:00:00", "values": ["This event should not be running, Hiv_DecisionToContinueTreatment is for those already on tx"]}
{"uuid": "dc8474b6b3", "date": "2014-06-16T00:00:00", "values": ["Increased capacity of population dataframe to 61000"]}
{"uuid": "d5de3a8063", "date": "2014-07-01T00:00:00", "values": [8.721806665261587, 2683.4765625, 2672.55859375, 2928.05078125, 108.29209232330322, 57392, 61000, "2024-10-26T07:15:13.899408"]}
{"uuid": "90f526bf10", "date": "2014-07-15T00:00:00", "values": ["This event should not be running, Hiv_DecisionToContinueTreatment is for those already on tx"]}
{"uuid": "d5de3a8063", "date": "2014-08-01T00:00:00", "values": [8.134836554527283, 2700.74609375, 2689.62109375, 2945.09765625, 108.30973148345947, 57534, 61000, "2024-10-26T07:23:21.989603"]}
{"uuid": "90f526bf10", "date": "2014-08-04T00:00:00", "values": ["This event should not be running, Hiv_DecisionToContinueTreatment is for those already on tx"]}
{"uuid": "90f526bf10", "date": "2014-08-09T00:00:00", "values": ["This event should not be running, Hiv_DecisionToContinueTreatment is for those already on tx"]}
{"uuid": "d5de3a8063", "date": "2014-09-01T00:00:00", "values": [8.740303524335225, 2743.71875, 2732.6953125, 2988.625, 108.3281946182251, 57679, 61000, "2024-10-26T07:32:06.407816"]}
{"uuid": "90f526bf10", "date": "2014-09-24T00:00:00", "values": ["This event should not be running, Hiv_DecisionToContinueTreatment is for those already on tx"]}
{"uuid": "90f526bf10", "date": "2014-09-24T00:00:00", "values": ["This event should not be running, Hiv_DecisionToContinueTreatment is for those already on tx"]}
{"uuid": "d5de3a8063", "date": "2014-10-01T00:00:00", "values": [8.622019322713216, 2754.94140625, 2743.88671875, 3000.47265625, 108.3444299697876, 57801, 61000, "2024-10-26T07:40:43.728974"]}
{"uuid": "63d828121b", "date": "2014-10-10T00:00:00", "values": ["rt disability < 0 in rti_alter_daly_post_treatment"]}
{"uuid": "d5de3a8063", "date": "2014-11-01T00:00:00", "values": [8.258446264266968, 2785.0859375, 2773.921875, 3028.171875, 108.36377811431885, 57957, 61000, "2024-10-26T07:48:59.235750"]}
{"uuid": "dc8474b6b3", "date": "2014-11-20T00:00:00", "values": ["Increased capacity of population dataframe to 62000"]}
{"uuid": "90f526bf10", "date": "2014-11-28T00:00:00", "values": ["This event should not be running, Hiv_DecisionToContinueTreatment is for those already on tx"]}
{"uuid": "d5de3a8063", "date": "2014-12-01T00:00:00", "values": [7.797078088919322, 2824.21484375, 2813.05078125, 3068.6171875, 110.06392002105713, 58099, 62000, "2024-10-26T07:56:47.060435"]}
{"uuid": "b07716682c", "date": "2015-01-01T00:00:00", "values": ["simulate() 27687.79991889 s"]}
