{"uuid": "b07716682c", "type": "header", "module": "tlo.simulation", "key": "info", "level": "INFO", "columns": {"message": "str"}, "description": null}
{"uuid": "b07716682c", "date": "2010-01-01T00:00:00", "values": ["Log output: profiling_results/2024/07/20/0019/scale_run_profiling__2024-07-20T001903.log"]}
{"uuid": "b07716682c", "date": "2010-01-01T00:00:00", "values": ["Simulation RNG user entropy = 0"]}
{"uuid": "b07716682c", "date": "2010-01-01T00:00:00", "values": ["Demography RNG auto (entropy, spawn key) = (0, 0)"]}
{"uuid": "b07716682c", "date": "2010-01-01T00:00:00", "values": ["Lifestyle RNG auto (entropy, spawn key) = (0, 1)"]}
{"uuid": "b07716682c", "date": "2010-01-01T00:00:00", "values": ["HealthBurden RNG auto (entropy, spawn key) = (0, 2)"]}
{"uuid": "b07716682c", "date": "2010-01-01T00:00:00", "values": ["HealthSystem RNG auto (entropy, spawn key) = (0, 3)"]}
{"uuid": "b07716682c", "date": "2010-01-01T00:00:00", "values": ["SymptomManager RNG auto (entropy, spawn key) = (0, 4)"]}
{"uuid": "b07716682c", "date": "2010-01-01T00:00:00", "values": ["HealthSeekingBehaviour RNG auto (entropy, spawn key) = (0, 5)"]}
{"uuid": "b07716682c", "date": "2010-01-01T00:00:00", "values": ["Epi RNG auto (entropy, spawn key) = (0, 6)"]}
{"uuid": "b07716682c", "date": "2010-01-01T00:00:00", "values": ["Contraception RNG auto (entropy, spawn key) = (0, 7)"]}
{"uuid": "b07716682c", "date": "2010-01-01T00:00:00", "values": ["Hiv RNG auto (entropy, spawn key) = (0, 8)"]}
{"uuid": "b07716682c", "date": "2010-01-01T00:00:00", "values": ["CardioMetabolicDisorders RNG auto (entropy, spawn key) = (0, 9)"]}
{"uuid": "b07716682c", "date": "2010-01-01T00:00:00", "values": ["Malaria RNG auto (entropy, spawn key) = (0, 10)"]}
{"uuid": "b07716682c", "date": "2010-01-01T00:00:00", "values": ["PregnancySupervisor RNG auto (entropy, spawn key) = (0, 11)"]}
{"uuid": "b07716682c", "date": "2010-01-01T00:00:00", "values": ["CareOfWomenDuringPregnancy RNG auto (entropy, spawn key) = (0, 12)"]}
{"uuid": "b07716682c", "date": "2010-01-01T00:00:00", "values": ["NewbornOutcomes RNG auto (entropy, spawn key) = (0, 13)"]}
{"uuid": "b07716682c", "date": "2010-01-01T00:00:00", "values": ["Wasting RNG auto (entropy, spawn key) = (0, 14)"]}
{"uuid": "b07716682c", "date": "2010-01-01T00:00:00", "values": ["Diarrhoea RNG auto (entropy, spawn key) = (0, 15)"]}
{"uuid": "b07716682c", "date": "2010-01-01T00:00:00", "values": ["Stunting RNG auto (entropy, spawn key) = (0, 16)"]}
{"uuid": "b07716682c", "date": "2010-01-01T00:00:00", "values": ["Labour RNG auto (entropy, spawn key) = (0, 17)"]}
{"uuid": "b07716682c", "date": "2010-01-01T00:00:00", "values": ["PostnatalSupervisor RNG auto (entropy, spawn key) = (0, 18)"]}
{"uuid": "b07716682c", "date": "2010-01-01T00:00:00", "values": ["Alri RNG auto (entropy, spawn key) = (0, 19)"]}
{"uuid": "b07716682c", "date": "2010-01-01T00:00:00", "values": ["Measles RNG auto (entropy, spawn key) = (0, 20)"]}
{"uuid": "b07716682c", "date": "2010-01-01T00:00:00", "values": ["Schisto RNG auto (entropy, spawn key) = (0, 21)"]}
{"uuid": "b07716682c", "date": "2010-01-01T00:00:00", "values": ["Tb RNG auto (entropy, spawn key) = (0, 22)"]}
{"uuid": "b07716682c", "date": "2010-01-01T00:00:00", "values": ["BladderCancer RNG auto (entropy, spawn key) = (0, 23)"]}
{"uuid": "b07716682c", "date": "2010-01-01T00:00:00", "values": ["BreastCancer RNG auto (entropy, spawn key) = (0, 24)"]}
{"uuid": "b07716682c", "date": "2010-01-01T00:00:00", "values": ["OesophagealCancer RNG auto (entropy, spawn key) = (0, 25)"]}
{"uuid": "b07716682c", "date": "2010-01-01T00:00:00", "values": ["OtherAdultCancer RNG auto (entropy, spawn key) = (0, 26)"]}
{"uuid": "b07716682c", "date": "2010-01-01T00:00:00", "values": ["ProstateCancer RNG auto (entropy, spawn key) = (0, 27)"]}
{"uuid": "b07716682c", "date": "2010-01-01T00:00:00", "values": ["RTI RNG auto (entropy, spawn key) = (0, 28)"]}
{"uuid": "b07716682c", "date": "2010-01-01T00:00:00", "values": ["Copd RNG auto (entropy, spawn key) = (0, 29)"]}
{"uuid": "b07716682c", "date": "2010-01-01T00:00:00", "values": ["Depression RNG auto (entropy, spawn key) = (0, 30)"]}
{"uuid": "b07716682c", "date": "2010-01-01T00:00:00", "values": ["Epilepsy RNG auto (entropy, spawn key) = (0, 31)"]}
{"uuid": "dc8474b6b3", "type": "header", "module": "tlo.population", "key": "info", "level": "INFO", "columns": {"message": "str"}, "description": null}
{"uuid": "dc8474b6b3", "date": "2010-01-01T00:00:00", "values": ["Dataframe capacity append size: 1000"]}
{"uuid": "b07716682c", "date": "2010-01-01T00:00:00", "values": ["make_initial_population() 28.09623384475708 s"]}
{"uuid": "e9a19fe1f9", "type": "header", "module": "tlo.methods.demography", "key": "scaling_factor", "level": "WARNING", "columns": {"scaling_factor": "float64"}, "description": "The data-to-model scaling factor (based on the initial population size, used to multiply-up results so that they correspond to the real population size."}
{"uuid": "e9a19fe1f9", "date": "2010-01-01T00:00:00", "values": [290.79218000000003]}
{"uuid": "072090a41b", "type": "header", "module": "tlo.methods.population", "key": "scaling_factor", "level": "WARNING", "columns": {"scaling_factor": "float64"}, "description": "The data-to-model scaling factor (based on the initial population size, used to multiply-up results so that they correspond to the real population size."}
{"uuid": "072090a41b", "date": "2010-01-01T00:00:00", "values": [290.79218000000003]}
{"uuid": "d5de3a8063", "type": "header", "module": "tlo.profiling", "key": "stats", "level": "INFO", "columns": {"time": "str", "duration": "float", "alive": "int64", "total": "int"}, "description": null}
{"uuid": "d5de3a8063", "date": "2010-01-01T00:00:00", "values": ["2024-07-20T00:19:44.974129", 0.10937295357386272, 50000, 50000]}
{"uuid": "dc8474b6b3", "date": "2010-01-01T00:00:00", "values": ["Increased capacity of population dataframe to 51000"]}
{"uuid": "d5de3a8063", "date": "2010-04-01T00:00:00", "values": ["2024-07-20T00:38:04.557475", 18.326389118035635, 50283, 51000]}
{"uuid": "90f526bf10", "type": "header", "module": "tlo.methods.hiv", "key": "message", "level": "WARNING", "columns": {"message": "str"}, "description": null}
{"uuid": "90f526bf10", "date": "2010-06-06T00:00:00", "values": ["This event should not be running, Hiv_DecisionToContinueTreatment is for those already on tx"]}
{"uuid": "90f526bf10", "date": "2010-06-07T00:00:00", "values": ["This event should not be running, Hiv_DecisionToContinueTreatment is for those already on tx"]}
{"uuid": "1e86f25803", "type": "header", "module": "tlo.methods.healthsystem", "key": "message", "level": "WARNING", "columns": {"message": "str"}, "description": null}
{"uuid": "1e86f25803", "date": "2010-06-12T00:00:00", "values": ["Tb_Test_FollowUp actual_footprint requires differentofficers than expected_footprint."]}
{"uuid": "d5de3a8063", "date": "2010-07-01T00:00:00", "values": ["2024-07-20T00:57:49.263433", 19.745099278291068, 50592, 51000]}
{"uuid": "dc8474b6b3", "date": "2010-07-09T00:00:00", "values": ["Increased capacity of population dataframe to 52000"]}
{"uuid": "90f526bf10", "date": "2010-07-27T00:00:00", "values": ["This event should not be running, Hiv_DecisionToContinueTreatment is for those already on tx"]}
{"uuid": "90f526bf10", "date": "2010-09-11T00:00:00", "values": ["This event should not be running, Hiv_DecisionToContinueTreatment is for those already on tx"]}
{"uuid": "1e86f25803", "date": "2010-09-12T00:00:00", "values": ["Tb_Test_FollowUp actual_footprint requires differentofficers than expected_footprint."]}
{"uuid": "d5de3a8063", "date": "2010-10-01T00:00:00", "values": ["2024-07-20T01:19:01.122327", 21.197648219267528, 51106, 52000]}
{"uuid": "63d828121b", "type": "header", "module": "tlo.methods.rti", "key": "warning", "level": "WARNING", "columns": {"message": "str"}, "description": null}
{"uuid": "63d828121b", "date": "2010-11-10T00:00:00", "values": ["rt disability < 0 in rti_alter_daly_post_treatment"]}
{"uuid": "dc8474b6b3", "date": "2010-12-01T00:00:00", "values": ["Increased capacity of population dataframe to 53000"]}
{"uuid": "d5de3a8063", "date": "2011-01-01T00:00:00", "values": ["2024-07-20T01:41:46.315008", 22.753211371103923, 51534, 53000]}
{"uuid": "d5de3a8063", "date": "2011-04-01T00:00:00", "values": ["2024-07-20T02:06:39.993441", 24.894640556971233, 51853, 53000]}
{"uuid": "90f526bf10", "date": "2011-04-01T00:00:00", "values": ["This event should not be running, Hiv_DecisionToContinueTreatment is for those already on tx"]}
{"uuid": "63d828121b", "date": "2011-04-12T00:00:00", "values": ["rt disability < 0 in rti_alter_daly_post_treatment"]}
{"uuid": "63d828121b", "date": "2011-04-19T00:00:00", "values": ["rt disability < 0 in rti_alter_daly_post_treatment"]}
{"uuid": "dc8474b6b3", "date": "2011-05-12T00:00:00", "values": ["Increased capacity of population dataframe to 54000"]}
{"uuid": "90f526bf10", "date": "2011-06-13T00:00:00", "values": ["This event should not be running, Hiv_DecisionToContinueTreatment is for those already on tx"]}
{"uuid": "90f526bf10", "date": "2011-06-23T00:00:00", "values": ["This event should not be running, Hiv_DecisionToContinueTreatment is for those already on tx"]}
{"uuid": "d5de3a8063", "date": "2011-07-01T00:00:00", "values": ["2024-07-20T02:30:07.878563", 23.46475203434626, 52232, 54000]}
{"uuid": "90f526bf10", "date": "2011-07-11T00:00:00", "values": ["This event should not be running, Hiv_DecisionToContinueTreatment is for those already on tx"]}
{"uuid": "90f526bf10", "date": "2011-07-12T00:00:00", "values": ["This event should not be running, Hiv_DecisionToContinueTreatment is for those already on tx"]}
{"uuid": "90f526bf10", "date": "2011-07-27T00:00:00", "values": ["This event should not be running, Hiv_DecisionToContinueTreatment is for those already on tx"]}
{"uuid": "90f526bf10", "date": "2011-07-29T00:00:00", "values": ["This event should not be running, Hiv_DecisionToContinueTreatment is for those already on tx"]}
{"uuid": "90f526bf10", "date": "2011-08-04T00:00:00", "values": ["This event should not be running, Hiv_DecisionToContinueTreatment is for those already on tx"]}
{"uuid": "90f526bf10", "date": "2011-09-05T00:00:00", "values": ["This event should not be running, Hiv_DecisionToContinueTreatment is for those already on tx"]}
{"uuid": "d5de3a8063", "date": "2011-10-01T00:00:00", "values": ["2024-07-20T02:52:33.660883", 22.429705329736073, 52614, 54000]}
{"uuid": "dc8474b6b3", "date": "2011-10-29T00:00:00", "values": ["Increased capacity of population dataframe to 55000"]}
{"uuid": "d5de3a8063", "date": "2012-01-01T00:00:00", "values": ["2024-07-20T03:14:14.751857", 21.6848495721817, 53022, 55000]}
{"uuid": "d5de3a8063", "date": "2012-04-01T00:00:00", "values": ["2024-07-20T03:38:42.423273", 24.461190271377564, 53441, 55000]}
{"uuid": "90f526bf10", "date": "2012-04-02T00:00:00", "values": ["This event should not be running, Hiv_DecisionToContinueTreatment is for those already on tx"]}
{"uuid": "90f526bf10", "date": "2012-04-11T00:00:00", "values": ["This event should not be running, Hiv_DecisionToContinueTreatment is for those already on tx"]}
{"uuid": "dc8474b6b3", "date": "2012-04-11T00:00:00", "values": ["Increased capacity of population dataframe to 56000"]}
{"uuid": "63d828121b", "date": "2012-04-11T00:00:00", "values": ["rt disability < 0 in rti_alter_daly_post_treatment"]}
{"uuid": "90f526bf10", "date": "2012-04-30T00:00:00", "values": ["This event should not be running, Hiv_DecisionToContinueTreatment is for those already on tx"]}
{"uuid": "90f526bf10", "date": "2012-05-02T00:00:00", "values": ["This event should not be running, Hiv_DecisionToContinueTreatment is for those already on tx"]}
{"uuid": "90f526bf10", "date": "2012-05-28T00:00:00", "values": ["This event should not be running, Hiv_DecisionToContinueTreatment is for those already on tx"]}
{"uuid": "90f526bf10", "date": "2012-06-10T00:00:00", "values": ["This event should not be running, Hiv_DecisionToContinueTreatment is for those already on tx"]}
{"uuid": "90f526bf10", "date": "2012-06-26T00:00:00", "values": ["This event should not be running, Hiv_DecisionToContinueTreatment is for those already on tx"]}
{"uuid": "d5de3a8063", "date": "2012-07-01T00:00:00", "values": ["2024-07-20T04:02:16.074472", 23.560853294531505, 53888, 56000]}
{"uuid": "90f526bf10", "date": "2012-07-08T00:00:00", "values": ["This event should not be running, Hiv_DecisionToContinueTreatment is for those already on tx"]}
{"uuid": "90f526bf10", "date": "2012-07-26T00:00:00", "values": ["This event should not be running, Hiv_DecisionToContinueTreatment is for those already on tx"]}
{"uuid": "63d828121b", "date": "2012-08-08T00:00:00", "values": ["rt disability < 0 in rti_alter_daly_post_treatment"]}
{"uuid": "90f526bf10", "date": "2012-08-10T00:00:00", "values": ["This event should not be running, Hiv_DecisionToContinueTreatment is for those already on tx"]}
{"uuid": "90f526bf10", "date": "2012-08-10T00:00:00", "values": ["This event should not be running, Hiv_DecisionToContinueTreatment is for those already on tx"]}
{"uuid": "1e86f25803", "date": "2012-08-13T00:00:00", "values": ["Tb_Test_FollowUp actual_footprint requires differentofficers than expected_footprint."]}
{"uuid": "90f526bf10", "date": "2012-08-16T00:00:00", "values": ["This event should not be running, Hiv_DecisionToContinueTreatment is for those already on tx"]}
{"uuid": "90f526bf10", "date": "2012-08-21T00:00:00", "values": ["This event should not be running, Hiv_DecisionToContinueTreatment is for those already on tx"]}
{"uuid": "90f526bf10", "date": "2012-09-05T00:00:00", "values": ["This event should not be running, Hiv_DecisionToContinueTreatment is for those already on tx"]}
{"uuid": "1e86f25803", "date": "2012-09-09T00:00:00", "values": ["Tb_Test_FollowUp actual_footprint requires differentofficers than expected_footprint."]}
{"uuid": "dc8474b6b3", "date": "2012-09-25T00:00:00", "values": ["Increased capacity of population dataframe to 57000"]}
{"uuid": "d5de3a8063", "date": "2012-10-01T00:00:00", "values": ["2024-07-20T04:26:23.637720", 24.12605415582657, 54288, 57000]}
{"uuid": "1e86f25803", "date": "2012-10-13T00:00:00", "values": ["Tb_Test_FollowUp actual_footprint requires differentofficers than expected_footprint."]}
{"uuid": "1e86f25803", "date": "2012-11-15T00:00:00", "values": ["Tb_Test_FollowUp actual_footprint requires differentofficers than expected_footprint."]}
{"uuid": "1e86f25803", "date": "2012-11-27T00:00:00", "values": ["Tb_Test_FollowUp actual_footprint requires differentofficers than expected_footprint."]}
{"uuid": "d5de3a8063", "date": "2013-01-01T00:00:00", "values": ["2024-07-20T04:49:18.793359", 22.91926063299179, 54717, 57000]}
{"uuid": "90f526bf10", "date": "2013-01-08T00:00:00", "values": ["This event should not be running, Hiv_DecisionToContinueTreatment is for those already on tx"]}
{"uuid": "dc8474b6b3", "date": "2013-02-26T00:00:00", "values": ["Increased capacity of population dataframe to 58000"]}
{"uuid": "d5de3a8063", "date": "2013-04-01T00:00:00", "values": ["2024-07-20T05:15:14.851556", 25.93430327574412, 55196, 58000]}
{"uuid": "90f526bf10", "date": "2013-05-09T00:00:00", "values": ["This event should not be running, Hiv_DecisionToContinueTreatment is for those already on tx"]}
{"uuid": "63d828121b", "date": "2013-05-10T00:00:00", "values": ["rt disability < 0 in rti_alter_daly_post_treatment"]}
{"uuid": "90f526bf10", "date": "2013-05-18T00:00:00", "values": ["This event should not be running, Hiv_DecisionToContinueTreatment is for those already on tx"]}
{"uuid": "90f526bf10", "date": "2013-06-23T00:00:00", "values": ["This event should not be running, Hiv_DecisionToContinueTreatment is for those already on tx"]}
{"uuid": "d5de3a8063", "date": "2013-07-01T00:00:00", "values": ["2024-07-20T05:40:19.252768", 25.07335354089737, 55628, 58000]}
{"uuid": "90f526bf10", "date": "2013-07-11T00:00:00", "values": ["This event should not be running, Hiv_DecisionToContinueTreatment is for those already on tx"]}
{"uuid": "1e86f25803", "date": "2013-07-19T00:00:00", "values": ["Tb_Test_Screening actual_footprint requires differentofficers than expected_footprint."]}
{"uuid": "dc8474b6b3", "date": "2013-08-05T00:00:00", "values": ["Increased capacity of population dataframe to 59000"]}
{"uuid": "90f526bf10", "date": "2013-08-15T00:00:00", "values": ["This event should not be running, Hiv_DecisionToContinueTreatment is for those already on tx"]}
{"uuid": "90f526bf10", "date": "2013-09-30T00:00:00", "values": ["This event should not be running, Hiv_DecisionToContinueTreatment is for those already on tx"]}
{"uuid": "d5de3a8063", "date": "2013-10-01T00:00:00", "values": ["2024-07-20T06:05:40.710603", 25.35763059059779, 56045, 59000]}
{"uuid": "d5de3a8063", "date": "2014-01-01T00:00:00", "values": ["2024-07-20T06:29:35.080465", 23.90616436402003, 56511, 59000]}
{"uuid": "dc8474b6b3", "date": "2014-01-15T00:00:00", "values": ["Increased capacity of population dataframe to 60000"]}
{"uuid": "63d828121b", "date": "2014-02-09T00:00:00", "values": ["rt disability < 0 in rti_alter_daly_post_treatment"]}
{"uuid": "90f526bf10", "date": "2014-03-31T00:00:00", "values": ["This event should not be running, Hiv_DecisionToContinueTreatment is for those already on tx"]}
{"uuid": "d5de3a8063", "date": "2014-04-01T00:00:00", "values": ["2024-07-20T06:56:59.580030", 27.408326081434886, 56933, 60000]}
{"uuid": "90f526bf10", "date": "2014-04-23T00:00:00", "values": ["This event should not be running, Hiv_DecisionToContinueTreatment is for those already on tx"]}
{"uuid": "90f526bf10", "date": "2014-06-08T00:00:00", "values": ["This event should not be running, Hiv_DecisionToContinueTreatment is for those already on tx"]}
{"uuid": "dc8474b6b3", "date": "2014-06-16T00:00:00", "values": ["Increased capacity of population dataframe to 61000"]}
{"uuid": "d5de3a8063", "date": "2014-07-01T00:00:00", "values": ["2024-07-20T07:23:13.951121", 26.239518193403878, 57392, 61000]}
{"uuid": "90f526bf10", "date": "2014-07-15T00:00:00", "values": ["This event should not be running, Hiv_DecisionToContinueTreatment is for those already on tx"]}
{"uuid": "90f526bf10", "date": "2014-08-04T00:00:00", "values": ["This event should not be running, Hiv_DecisionToContinueTreatment is for those already on tx"]}
{"uuid": "90f526bf10", "date": "2014-08-09T00:00:00", "values": ["This event should not be running, Hiv_DecisionToContinueTreatment is for those already on tx"]}
{"uuid": "90f526bf10", "date": "2014-09-24T00:00:00", "values": ["This event should not be running, Hiv_DecisionToContinueTreatment is for those already on tx"]}
{"uuid": "90f526bf10", "date": "2014-09-24T00:00:00", "values": ["This event should not be running, Hiv_DecisionToContinueTreatment is for those already on tx"]}
{"uuid": "d5de3a8063", "date": "2014-10-01T00:00:00", "values": ["2024-07-20T07:49:16.666457", 26.045255581537884, 57801, 61000]}
{"uuid": "63d828121b", "date": "2014-10-10T00:00:00", "values": ["rt disability < 0 in rti_alter_daly_post_treatment"]}
{"uuid": "dc8474b6b3", "date": "2014-11-20T00:00:00", "values": ["Increased capacity of population dataframe to 62000"]}
{"uuid": "90f526bf10", "date": "2014-11-28T00:00:00", "values": ["This event should not be running, Hiv_DecisionToContinueTreatment is for those already on tx"]}
{"uuid": "b07716682c", "date": "2015-01-01T00:00:00", "values": ["simulate() 28509.963893413544 s"]}
