{"uuid": "b07716682c", "type": "header", "module": "tlo.simulation", "key": "info", "level": "INFO", "columns": {"message": "str"}, "description": null}
{"uuid": "b07716682c", "date": "2010-01-01T00:00:00", "values": ["Log output: profiling_results/2024/09/28/0023/scale_run_profiling__2024-09-28T002323.log"]}
{"uuid": "b07716682c", "date": "2010-01-01T00:00:00", "values": ["Simulation RNG user entropy = 0"]}
{"uuid": "b07716682c", "date": "2010-01-01T00:00:00", "values": ["Demography RNG auto (entropy, spawn key) = (0, 0)"]}
{"uuid": "b07716682c", "date": "2010-01-01T00:00:00", "values": ["Lifestyle RNG auto (entropy, spawn key) = (0, 1)"]}
{"uuid": "b07716682c", "date": "2010-01-01T00:00:00", "values": ["HealthBurden RNG auto (entropy, spawn key) = (0, 2)"]}
{"uuid": "b07716682c", "date": "2010-01-01T00:00:00", "values": ["HealthSystem RNG auto (entropy, spawn key) = (0, 3)"]}
{"uuid": "b07716682c", "date": "2010-01-01T00:00:00", "values": ["SymptomManager RNG auto (entropy, spawn key) = (0, 4)"]}
{"uuid": "b07716682c", "date": "2010-01-01T00:00:00", "values": ["HealthSeekingBehaviour RNG auto (entropy, spawn key) = (0, 5)"]}
{"uuid": "b07716682c", "date": "2010-01-01T00:00:00", "values": ["Epi RNG auto (entropy, spawn key) = (0, 6)"]}
{"uuid": "b07716682c", "date": "2010-01-01T00:00:00", "values": ["Contraception RNG auto (entropy, spawn key) = (0, 7)"]}
{"uuid": "b07716682c", "date": "2010-01-01T00:00:00", "values": ["Hiv RNG auto (entropy, spawn key) = (0, 8)"]}
{"uuid": "b07716682c", "date": "2010-01-01T00:00:00", "values": ["CardioMetabolicDisorders RNG auto (entropy, spawn key) = (0, 9)"]}
{"uuid": "b07716682c", "date": "2010-01-01T00:00:00", "values": ["Malaria RNG auto (entropy, spawn key) = (0, 10)"]}
{"uuid": "b07716682c", "date": "2010-01-01T00:00:00", "values": ["PregnancySupervisor RNG auto (entropy, spawn key) = (0, 11)"]}
{"uuid": "b07716682c", "date": "2010-01-01T00:00:00", "values": ["CareOfWomenDuringPregnancy RNG auto (entropy, spawn key) = (0, 12)"]}
{"uuid": "b07716682c", "date": "2010-01-01T00:00:00", "values": ["NewbornOutcomes RNG auto (entropy, spawn key) = (0, 13)"]}
{"uuid": "b07716682c", "date": "2010-01-01T00:00:00", "values": ["Wasting RNG auto (entropy, spawn key) = (0, 14)"]}
{"uuid": "b07716682c", "date": "2010-01-01T00:00:00", "values": ["Diarrhoea RNG auto (entropy, spawn key) = (0, 15)"]}
{"uuid": "b07716682c", "date": "2010-01-01T00:00:00", "values": ["Stunting RNG auto (entropy, spawn key) = (0, 16)"]}
{"uuid": "b07716682c", "date": "2010-01-01T00:00:00", "values": ["Labour RNG auto (entropy, spawn key) = (0, 17)"]}
{"uuid": "b07716682c", "date": "2010-01-01T00:00:00", "values": ["PostnatalSupervisor RNG auto (entropy, spawn key) = (0, 18)"]}
{"uuid": "b07716682c", "date": "2010-01-01T00:00:00", "values": ["Alri RNG auto (entropy, spawn key) = (0, 19)"]}
{"uuid": "b07716682c", "date": "2010-01-01T00:00:00", "values": ["Measles RNG auto (entropy, spawn key) = (0, 20)"]}
{"uuid": "b07716682c", "date": "2010-01-01T00:00:00", "values": ["Schisto RNG auto (entropy, spawn key) = (0, 21)"]}
{"uuid": "b07716682c", "date": "2010-01-01T00:00:00", "values": ["Tb RNG auto (entropy, spawn key) = (0, 22)"]}
{"uuid": "b07716682c", "date": "2010-01-01T00:00:00", "values": ["BladderCancer RNG auto (entropy, spawn key) = (0, 23)"]}
{"uuid": "b07716682c", "date": "2010-01-01T00:00:00", "values": ["BreastCancer RNG auto (entropy, spawn key) = (0, 24)"]}
{"uuid": "b07716682c", "date": "2010-01-01T00:00:00", "values": ["OesophagealCancer RNG auto (entropy, spawn key) = (0, 25)"]}
{"uuid": "b07716682c", "date": "2010-01-01T00:00:00", "values": ["OtherAdultCancer RNG auto (entropy, spawn key) = (0, 26)"]}
{"uuid": "b07716682c", "date": "2010-01-01T00:00:00", "values": ["ProstateCancer RNG auto (entropy, spawn key) = (0, 27)"]}
{"uuid": "b07716682c", "date": "2010-01-01T00:00:00", "values": ["RTI RNG auto (entropy, spawn key) = (0, 28)"]}
{"uuid": "b07716682c", "date": "2010-01-01T00:00:00", "values": ["Copd RNG auto (entropy, spawn key) = (0, 29)"]}
{"uuid": "b07716682c", "date": "2010-01-01T00:00:00", "values": ["Depression RNG auto (entropy, spawn key) = (0, 30)"]}
{"uuid": "b07716682c", "date": "2010-01-01T00:00:00", "values": ["Epilepsy RNG auto (entropy, spawn key) = (0, 31)"]}
{"uuid": "dc8474b6b3", "type": "header", "module": "tlo.population", "key": "info", "level": "INFO", "columns": {"message": "str"}, "description": null}
{"uuid": "dc8474b6b3", "date": "2010-01-01T00:00:00", "values": ["Dataframe capacity append size: 1000"]}
{"uuid": "b07716682c", "date": "2010-01-01T00:00:00", "values": ["make_initial_population() 28.038488149642944 s"]}
{"uuid": "e9a19fe1f9", "type": "header", "module": "tlo.methods.demography", "key": "scaling_factor", "level": "WARNING", "columns": {"scaling_factor": "float"}, "description": "The data-to-model scaling factor (based on the initial population size, used to multiply-up results so that they correspond to the real population size."}
{"uuid": "e9a19fe1f9", "date": "2010-01-01T00:00:00", "values": [290.79218000000003]}
{"uuid": "072090a41b", "type": "header", "module": "tlo.methods.population", "key": "scaling_factor", "level": "WARNING", "columns": {"scaling_factor": "float"}, "description": "The data-to-model scaling factor (based on the initial population size, used to multiply-up results so that they correspond to the real population size."}
{"uuid": "072090a41b", "date": "2010-01-01T00:00:00", "values": [290.79218000000003]}
{"uuid": "d5de3a8063", "type": "header", "module": "tlo.profiling", "key": "stats", "level": "INFO", "columns": {"alive": "int", "duration": "float", "time": "str", "total": "int"}, "description": null}
{"uuid": "d5de3a8063", "date": "2010-01-01T00:00:00", "values": [50000, 0.1109434445699056, "2024-09-28T00:24:04.850803", 50000]}
{"uuid": "dc8474b6b3", "date": "2010-01-01T00:00:00", "values": ["Increased capacity of population dataframe to 51000"]}
{"uuid": "d5de3a8063", "date": "2010-04-01T00:00:00", "values": [50283, 17.35058306058248, "2024-09-28T00:41:25.885784", 51000]}
{"uuid": "90f526bf10", "type": "header", "module": "tlo.methods.hiv", "key": "message", "level": "WARNING", "columns": {"message": "str"}, "description": null}
{"uuid": "90f526bf10", "date": "2010-06-06T00:00:00", "values": ["This event should not be running, Hiv_DecisionToContinueTreatment is for those already on tx"]}
{"uuid": "90f526bf10", "date": "2010-06-07T00:00:00", "values": ["This event should not be running, Hiv_DecisionToContinueTreatment is for those already on tx"]}
{"uuid": "1e86f25803", "type": "header", "module": "tlo.methods.healthsystem", "key": "message", "level": "WARNING", "columns": {"message": "str"}, "description": null}
{"uuid": "1e86f25803", "date": "2010-06-12T00:00:00", "values": ["Tb_Test_FollowUp actual_footprint requires differentofficers than expected_footprint."]}
{"uuid": "d5de3a8063", "date": "2010-07-01T00:00:00", "values": [50592, 18.456236227353415, "2024-09-28T00:59:53.259956", 51000]}
{"uuid": "dc8474b6b3", "date": "2010-07-09T00:00:00", "values": ["Increased capacity of population dataframe to 52000"]}
{"uuid": "90f526bf10", "date": "2010-07-27T00:00:00", "values": ["This event should not be running, Hiv_DecisionToContinueTreatment is for those already on tx"]}
{"uuid": "90f526bf10", "date": "2010-09-11T00:00:00", "values": ["This event should not be running, Hiv_DecisionToContinueTreatment is for those already on tx"]}
{"uuid": "1e86f25803", "date": "2010-09-12T00:00:00", "values": ["Tb_Test_FollowUp actual_footprint requires differentofficers than expected_footprint."]}
{"uuid": "d5de3a8063", "date": "2010-10-01T00:00:00", "values": [51106, 20.337256026268005, "2024-09-28T01:20:13.495320", 52000]}
{"uuid": "63d828121b", "type": "header", "module": "tlo.methods.rti", "key": "warning", "level": "WARNING", "columns": {"message": "str"}, "description": null}
{"uuid": "63d828121b", "date": "2010-11-10T00:00:00", "values": ["rt disability < 0 in rti_alter_daly_post_treatment"]}
{"uuid": "dc8474b6b3", "date": "2010-12-01T00:00:00", "values": ["Increased capacity of population dataframe to 53000"]}
{"uuid": "d5de3a8063", "date": "2011-01-01T00:00:00", "values": [51534, 21.836409016450247, "2024-09-28T01:42:03.679859", 53000]}
{"uuid": "d5de3a8063", "date": "2011-04-01T00:00:00", "values": [51853, 24.054982316493987, "2024-09-28T02:06:06.978802", 53000]}
{"uuid": "90f526bf10", "date": "2011-04-01T00:00:00", "values": ["This event should not be running, Hiv_DecisionToContinueTreatment is for those already on tx"]}
{"uuid": "63d828121b", "date": "2011-04-12T00:00:00", "values": ["rt disability < 0 in rti_alter_daly_post_treatment"]}
{"uuid": "63d828121b", "date": "2011-04-19T00:00:00", "values": ["rt disability < 0 in rti_alter_daly_post_treatment"]}
{"uuid": "dc8474b6b3", "date": "2011-05-12T00:00:00", "values": ["Increased capacity of population dataframe to 54000"]}
{"uuid": "90f526bf10", "date": "2011-06-13T00:00:00", "values": ["This event should not be running, Hiv_DecisionToContinueTreatment is for those already on tx"]}
{"uuid": "90f526bf10", "date": "2011-06-23T00:00:00", "values": ["This event should not be running, Hiv_DecisionToContinueTreatment is for those already on tx"]}
{"uuid": "d5de3a8063", "date": "2011-07-01T00:00:00", "values": [52232, 22.876671838760377, "2024-09-28T02:28:59.579109", 54000]}
{"uuid": "90f526bf10", "date": "2011-07-11T00:00:00", "values": ["This event should not be running, Hiv_DecisionToContinueTreatment is for those already on tx"]}
{"uuid": "90f526bf10", "date": "2011-07-12T00:00:00", "values": ["This event should not be running, Hiv_DecisionToContinueTreatment is for those already on tx"]}
{"uuid": "90f526bf10", "date": "2011-07-27T00:00:00", "values": ["This event should not be running, Hiv_DecisionToContinueTreatment is for those already on tx"]}
{"uuid": "90f526bf10", "date": "2011-07-29T00:00:00", "values": ["This event should not be running, Hiv_DecisionToContinueTreatment is for those already on tx"]}
{"uuid": "90f526bf10", "date": "2011-08-04T00:00:00", "values": ["This event should not be running, Hiv_DecisionToContinueTreatment is for those already on tx"]}
{"uuid": "90f526bf10", "date": "2011-09-05T00:00:00", "values": ["This event should not be running, Hiv_DecisionToContinueTreatment is for those already on tx"]}
{"uuid": "d5de3a8063", "date": "2011-10-01T00:00:00", "values": [52614, 21.777865719795226, "2024-09-28T02:50:46.251050", 54000]}
{"uuid": "dc8474b6b3", "date": "2011-10-29T00:00:00", "values": ["Increased capacity of population dataframe to 55000"]}
{"uuid": "d5de3a8063", "date": "2012-01-01T00:00:00", "values": [53022, 21.058460207780204, "2024-09-28T03:11:49.758663", 55000]}
{"uuid": "d5de3a8063", "date": "2012-04-01T00:00:00", "values": [53441, 23.686282193660738, "2024-09-28T03:35:30.935596", 55000]}
{"uuid": "90f526bf10", "date": "2012-04-02T00:00:00", "values": ["This event should not be running, Hiv_DecisionToContinueTreatment is for those already on tx"]}
{"uuid": "90f526bf10", "date": "2012-04-11T00:00:00", "values": ["This event should not be running, Hiv_DecisionToContinueTreatment is for those already on tx"]}
{"uuid": "dc8474b6b3", "date": "2012-04-11T00:00:00", "values": ["Increased capacity of population dataframe to 56000"]}
{"uuid": "63d828121b", "date": "2012-04-11T00:00:00", "values": ["rt disability < 0 in rti_alter_daly_post_treatment"]}
{"uuid": "90f526bf10", "date": "2012-04-30T00:00:00", "values": ["This event should not be running, Hiv_DecisionToContinueTreatment is for those already on tx"]}
{"uuid": "90f526bf10", "date": "2012-05-02T00:00:00", "values": ["This event should not be running, Hiv_DecisionToContinueTreatment is for those already on tx"]}
{"uuid": "90f526bf10", "date": "2012-05-28T00:00:00", "values": ["This event should not be running, Hiv_DecisionToContinueTreatment is for those already on tx"]}
{"uuid": "90f526bf10", "date": "2012-06-10T00:00:00", "values": ["This event should not be running, Hiv_DecisionToContinueTreatment is for those already on tx"]}
{"uuid": "90f526bf10", "date": "2012-06-26T00:00:00", "values": ["This event should not be running, Hiv_DecisionToContinueTreatment is for those already on tx"]}
{"uuid": "d5de3a8063", "date": "2012-07-01T00:00:00", "values": [53888, 22.996180085341134, "2024-09-28T03:58:30.706400", 56000]}
{"uuid": "90f526bf10", "date": "2012-07-08T00:00:00", "values": ["This event should not be running, Hiv_DecisionToContinueTreatment is for those already on tx"]}
{"uuid": "90f526bf10", "date": "2012-07-26T00:00:00", "values": ["This event should not be running, Hiv_DecisionToContinueTreatment is for those already on tx"]}
{"uuid": "63d828121b", "date": "2012-08-08T00:00:00", "values": ["rt disability < 0 in rti_alter_daly_post_treatment"]}
{"uuid": "90f526bf10", "date": "2012-08-10T00:00:00", "values": ["This event should not be running, Hiv_DecisionToContinueTreatment is for those already on tx"]}
{"uuid": "90f526bf10", "date": "2012-08-10T00:00:00", "values": ["This event should not be running, Hiv_DecisionToContinueTreatment is for those already on tx"]}
{"uuid": "1e86f25803", "date": "2012-08-13T00:00:00", "values": ["Tb_Test_FollowUp actual_footprint requires differentofficers than expected_footprint."]}
{"uuid": "90f526bf10", "date": "2012-08-16T00:00:00", "values": ["This event should not be running, Hiv_DecisionToContinueTreatment is for those already on tx"]}
{"uuid": "90f526bf10", "date": "2012-08-21T00:00:00", "values": ["This event should not be running, Hiv_DecisionToContinueTreatment is for those already on tx"]}
{"uuid": "90f526bf10", "date": "2012-09-05T00:00:00", "values": ["This event should not be running, Hiv_DecisionToContinueTreatment is for those already on tx"]}
{"uuid": "1e86f25803", "date": "2012-09-09T00:00:00", "values": ["Tb_Test_FollowUp actual_footprint requires differentofficers than expected_footprint."]}
{"uuid": "dc8474b6b3", "date": "2012-09-25T00:00:00", "values": ["Increased capacity of population dataframe to 57000"]}
{"uuid": "d5de3a8063", "date": "2012-10-01T00:00:00", "values": [54288, 23.410633945465086, "2024-09-28T04:21:55.344439", 57000]}
{"uuid": "1e86f25803", "date": "2012-10-13T00:00:00", "values": ["Tb_Test_FollowUp actual_footprint requires differentofficers than expected_footprint."]}
{"uuid": "1e86f25803", "date": "2012-11-15T00:00:00", "values": ["Tb_Test_FollowUp actual_footprint requires differentofficers than expected_footprint."]}
{"uuid": "1e86f25803", "date": "2012-11-27T00:00:00", "values": ["Tb_Test_FollowUp actual_footprint requires differentofficers than expected_footprint."]}
{"uuid": "d5de3a8063", "date": "2013-01-01T00:00:00", "values": [54717, 22.215307796001433, "2024-09-28T04:44:08.262906", 57000]}
{"uuid": "90f526bf10", "date": "2013-01-08T00:00:00", "values": ["This event should not be running, Hiv_DecisionToContinueTreatment is for those already on tx"]}
{"uuid": "dc8474b6b3", "date": "2013-02-26T00:00:00", "values": ["Increased capacity of population dataframe to 58000"]}
{"uuid": "d5de3a8063", "date": "2013-04-01T00:00:00", "values": [55196, 25.31475285291672, "2024-09-28T05:09:27.148077", 58000]}
{"uuid": "90f526bf10", "date": "2013-05-09T00:00:00", "values": ["This event should not be running, Hiv_DecisionToContinueTreatment is for those already on tx"]}
{"uuid": "63d828121b", "date": "2013-05-10T00:00:00", "values": ["rt disability < 0 in rti_alter_daly_post_treatment"]}
{"uuid": "90f526bf10", "date": "2013-05-18T00:00:00", "values": ["This event should not be running, Hiv_DecisionToContinueTreatment is for those already on tx"]}
{"uuid": "90f526bf10", "date": "2013-06-23T00:00:00", "values": ["This event should not be running, Hiv_DecisionToContinueTreatment is for those already on tx"]}
{"uuid": "d5de3a8063", "date": "2013-07-01T00:00:00", "values": [55628, 24.3730432788531, "2024-09-28T05:33:49.530672", 58000]}
{"uuid": "90f526bf10", "date": "2013-07-11T00:00:00", "values": ["This event should not be running, Hiv_DecisionToContinueTreatment is for those already on tx"]}
{"uuid": "1e86f25803", "date": "2013-07-19T00:00:00", "values": ["Tb_Test_Screening actual_footprint requires differentofficers than expected_footprint."]}
{"uuid": "dc8474b6b3", "date": "2013-08-05T00:00:00", "values": ["Increased capacity of population dataframe to 59000"]}
{"uuid": "90f526bf10", "date": "2013-08-15T00:00:00", "values": ["This event should not be running, Hiv_DecisionToContinueTreatment is for those already on tx"]}
{"uuid": "90f526bf10", "date": "2013-09-30T00:00:00", "values": ["This event should not be running, Hiv_DecisionToContinueTreatment is for those already on tx"]}
{"uuid": "d5de3a8063", "date": "2013-10-01T00:00:00", "values": [56045, 24.739782253901165, "2024-09-28T05:58:33.917610", 59000]}
{"uuid": "d5de3a8063", "date": "2014-01-01T00:00:00", "values": [56511, 23.07082002957662, "2024-09-28T06:21:38.166811", 59000]}
{"uuid": "dc8474b6b3", "date": "2014-01-15T00:00:00", "values": ["Increased capacity of population dataframe to 60000"]}
{"uuid": "63d828121b", "date": "2014-02-09T00:00:00", "values": ["rt disability < 0 in rti_alter_daly_post_treatment"]}
{"uuid": "90f526bf10", "date": "2014-03-31T00:00:00", "values": ["This event should not be running, Hiv_DecisionToContinueTreatment is for those already on tx"]}
{"uuid": "d5de3a8063", "date": "2014-04-01T00:00:00", "values": [56933, 26.896253951390584, "2024-09-28T06:48:31.942051", 60000]}
{"uuid": "90f526bf10", "date": "2014-04-23T00:00:00", "values": ["This event should not be running, Hiv_DecisionToContinueTreatment is for those already on tx"]}
{"uuid": "90f526bf10", "date": "2014-06-08T00:00:00", "values": ["This event should not be running, Hiv_DecisionToContinueTreatment is for those already on tx"]}
{"uuid": "dc8474b6b3", "date": "2014-06-16T00:00:00", "values": ["Increased capacity of population dataframe to 61000"]}
{"uuid": "d5de3a8063", "date": "2014-07-01T00:00:00", "values": [57392, 25.590236612161, "2024-09-28T07:14:07.356244", 61000]}
{"uuid": "90f526bf10", "date": "2014-07-15T00:00:00", "values": ["This event should not be running, Hiv_DecisionToContinueTreatment is for those already on tx"]}
{"uuid": "90f526bf10", "date": "2014-08-04T00:00:00", "values": ["This event should not be running, Hiv_DecisionToContinueTreatment is for those already on tx"]}
{"uuid": "90f526bf10", "date": "2014-08-09T00:00:00", "values": ["This event should not be running, Hiv_DecisionToContinueTreatment is for those already on tx"]}
{"uuid": "90f526bf10", "date": "2014-09-24T00:00:00", "values": ["This event should not be running, Hiv_DecisionToContinueTreatment is for those already on tx"]}
{"uuid": "90f526bf10", "date": "2014-09-24T00:00:00", "values": ["This event should not be running, Hiv_DecisionToContinueTreatment is for those already on tx"]}
{"uuid": "d5de3a8063", "date": "2014-10-01T00:00:00", "values": [57801, 25.37988121509552, "2024-09-28T07:39:30.149117", 61000]}
{"uuid": "63d828121b", "date": "2014-10-10T00:00:00", "values": ["rt disability < 0 in rti_alter_daly_post_treatment"]}
{"uuid": "dc8474b6b3", "date": "2014-11-20T00:00:00", "values": ["Increased capacity of population dataframe to 62000"]}
{"uuid": "90f526bf10", "date": "2014-11-28T00:00:00", "values": ["This event should not be running, Hiv_DecisionToContinueTreatment is for those already on tx"]}
{"uuid": "b07716682c", "date": "2015-01-01T00:00:00", "values": ["simulate() 27610.828518152237 s"]}
