{"uuid": "b07716682c", "type": "header", "module": "tlo.simulation", "key": "info", "level": "INFO", "columns": {"message": "str"}, "description": null}
{"uuid": "b07716682c", "date": "2010-01-01T00:00:00", "values": ["Log output: profiling_results/2024/06/29/0019/scale_run_profiling__2024-06-29T001946.log"]}
{"uuid": "b07716682c", "date": "2010-01-01T00:00:00", "values": ["Simulation RNG user entropy = 0"]}
{"uuid": "b07716682c", "date": "2010-01-01T00:00:00", "values": ["Demography RNG auto (entropy, spawn key) = (0, 0)"]}
{"uuid": "b07716682c", "date": "2010-01-01T00:00:00", "values": ["Lifestyle RNG auto (entropy, spawn key) = (0, 1)"]}
{"uuid": "b07716682c", "date": "2010-01-01T00:00:00", "values": ["HealthBurden RNG auto (entropy, spawn key) = (0, 2)"]}
{"uuid": "b07716682c", "date": "2010-01-01T00:00:00", "values": ["HealthSystem RNG auto (entropy, spawn key) = (0, 3)"]}
{"uuid": "b07716682c", "date": "2010-01-01T00:00:00", "values": ["SymptomManager RNG auto (entropy, spawn key) = (0, 4)"]}
{"uuid": "b07716682c", "date": "2010-01-01T00:00:00", "values": ["HealthSeekingBehaviour RNG auto (entropy, spawn key) = (0, 5)"]}
{"uuid": "b07716682c", "date": "2010-01-01T00:00:00", "values": ["Epi RNG auto (entropy, spawn key) = (0, 6)"]}
{"uuid": "b07716682c", "date": "2010-01-01T00:00:00", "values": ["Contraception RNG auto (entropy, spawn key) = (0, 7)"]}
{"uuid": "b07716682c", "date": "2010-01-01T00:00:00", "values": ["Hiv RNG auto (entropy, spawn key) = (0, 8)"]}
{"uuid": "b07716682c", "date": "2010-01-01T00:00:00", "values": ["CardioMetabolicDisorders RNG auto (entropy, spawn key) = (0, 9)"]}
{"uuid": "b07716682c", "date": "2010-01-01T00:00:00", "values": ["Malaria RNG auto (entropy, spawn key) = (0, 10)"]}
{"uuid": "b07716682c", "date": "2010-01-01T00:00:00", "values": ["PregnancySupervisor RNG auto (entropy, spawn key) = (0, 11)"]}
{"uuid": "b07716682c", "date": "2010-01-01T00:00:00", "values": ["CareOfWomenDuringPregnancy RNG auto (entropy, spawn key) = (0, 12)"]}
{"uuid": "b07716682c", "date": "2010-01-01T00:00:00", "values": ["NewbornOutcomes RNG auto (entropy, spawn key) = (0, 13)"]}
{"uuid": "b07716682c", "date": "2010-01-01T00:00:00", "values": ["Wasting RNG auto (entropy, spawn key) = (0, 14)"]}
{"uuid": "b07716682c", "date": "2010-01-01T00:00:00", "values": ["Diarrhoea RNG auto (entropy, spawn key) = (0, 15)"]}
{"uuid": "b07716682c", "date": "2010-01-01T00:00:00", "values": ["Stunting RNG auto (entropy, spawn key) = (0, 16)"]}
{"uuid": "b07716682c", "date": "2010-01-01T00:00:00", "values": ["Labour RNG auto (entropy, spawn key) = (0, 17)"]}
{"uuid": "b07716682c", "date": "2010-01-01T00:00:00", "values": ["PostnatalSupervisor RNG auto (entropy, spawn key) = (0, 18)"]}
{"uuid": "b07716682c", "date": "2010-01-01T00:00:00", "values": ["Alri RNG auto (entropy, spawn key) = (0, 19)"]}
{"uuid": "b07716682c", "date": "2010-01-01T00:00:00", "values": ["Measles RNG auto (entropy, spawn key) = (0, 20)"]}
{"uuid": "b07716682c", "date": "2010-01-01T00:00:00", "values": ["Schisto RNG auto (entropy, spawn key) = (0, 21)"]}
{"uuid": "b07716682c", "date": "2010-01-01T00:00:00", "values": ["Tb RNG auto (entropy, spawn key) = (0, 22)"]}
{"uuid": "b07716682c", "date": "2010-01-01T00:00:00", "values": ["BladderCancer RNG auto (entropy, spawn key) = (0, 23)"]}
{"uuid": "b07716682c", "date": "2010-01-01T00:00:00", "values": ["BreastCancer RNG auto (entropy, spawn key) = (0, 24)"]}
{"uuid": "b07716682c", "date": "2010-01-01T00:00:00", "values": ["OesophagealCancer RNG auto (entropy, spawn key) = (0, 25)"]}
{"uuid": "b07716682c", "date": "2010-01-01T00:00:00", "values": ["OtherAdultCancer RNG auto (entropy, spawn key) = (0, 26)"]}
{"uuid": "b07716682c", "date": "2010-01-01T00:00:00", "values": ["ProstateCancer RNG auto (entropy, spawn key) = (0, 27)"]}
{"uuid": "b07716682c", "date": "2010-01-01T00:00:00", "values": ["RTI RNG auto (entropy, spawn key) = (0, 28)"]}
{"uuid": "b07716682c", "date": "2010-01-01T00:00:00", "values": ["Copd RNG auto (entropy, spawn key) = (0, 29)"]}
{"uuid": "b07716682c", "date": "2010-01-01T00:00:00", "values": ["Depression RNG auto (entropy, spawn key) = (0, 30)"]}
{"uuid": "b07716682c", "date": "2010-01-01T00:00:00", "values": ["Epilepsy RNG auto (entropy, spawn key) = (0, 31)"]}
{"uuid": "dc8474b6b3", "type": "header", "module": "tlo.population", "key": "info", "level": "INFO", "columns": {"message": "str"}, "description": null}
{"uuid": "dc8474b6b3", "date": "2010-01-01T00:00:00", "values": ["Dataframe capacity append size: 1000"]}
{"uuid": "b07716682c", "date": "2010-01-01T00:00:00", "values": ["make_initial_population() 28.362538814544678 s"]}
{"uuid": "e9a19fe1f9", "type": "header", "module": "tlo.methods.demography", "key": "scaling_factor", "level": "WARNING", "columns": {"scaling_factor": "float64"}, "description": "The data-to-model scaling factor (based on the initial population size, used to multiply-up results so that they correspond to the real population size."}
{"uuid": "e9a19fe1f9", "date": "2010-01-01T00:00:00", "values": [290.79218000000003]}
{"uuid": "072090a41b", "type": "header", "module": "tlo.methods.population", "key": "scaling_factor", "level": "WARNING", "columns": {"scaling_factor": "float64"}, "description": "The data-to-model scaling factor (based on the initial population size, used to multiply-up results so that they correspond to the real population size."}
{"uuid": "072090a41b", "date": "2010-01-01T00:00:00", "values": [290.79218000000003]}
{"uuid": "d5de3a8063", "type": "header", "module": "tlo.profiling", "key": "stats", "level": "INFO", "columns": {"time": "str", "duration": "float", "alive": "int64", "total": "int"}, "description": null}
{"uuid": "d5de3a8063", "date": "2010-01-01T00:00:00", "values": ["2024-06-29T00:20:28.403981", 0.1111607551574707, 50000, 50000]}
{"uuid": "dc8474b6b3", "date": "2010-01-01T00:00:00", "values": ["Increased capacity of population dataframe to 51000"]}
{"uuid": "d5de3a8063", "date": "2010-04-01T00:00:00", "values": ["2024-06-29T00:38:45.064649", 18.277677794297535, 50279, 51000]}
{"uuid": "63d828121b", "type": "header", "module": "tlo.methods.rti", "key": "warning", "level": "WARNING", "columns": {"message": "str"}, "description": null}
{"uuid": "63d828121b", "date": "2010-05-10T00:00:00", "values": ["rt disability < 0 in rti_alter_daly_post_treatment"]}
{"uuid": "90f526bf10", "type": "header", "module": "tlo.methods.hiv", "key": "message", "level": "WARNING", "columns": {"message": "str"}, "description": null}
{"uuid": "90f526bf10", "date": "2010-06-03T00:00:00", "values": ["This event should not be running, Hiv_DecisionToContinueTreatment is for those already on tx"]}
{"uuid": "d5de3a8063", "date": "2010-07-01T00:00:00", "values": ["2024-06-29T00:57:45.023975", 18.999322120348612, 50597, 51000]}
{"uuid": "90f526bf10", "date": "2010-07-07T00:00:00", "values": ["This event should not be running, Hiv_DecisionToContinueTreatment is for those already on tx"]}
{"uuid": "dc8474b6b3", "date": "2010-07-08T00:00:00", "values": ["Increased capacity of population dataframe to 52000"]}
{"uuid": "90f526bf10", "date": "2010-07-15T00:00:00", "values": ["This event should not be running, Hiv_DecisionToContinueTreatment is for those already on tx"]}
{"uuid": "90f526bf10", "date": "2010-07-27T00:00:00", "values": ["This event should not be running, Hiv_DecisionToContinueTreatment is for those already on tx"]}
{"uuid": "90f526bf10", "date": "2010-08-06T00:00:00", "values": ["This event should not be running, Hiv_DecisionToContinueTreatment is for those already on tx"]}
{"uuid": "1e86f25803", "type": "header", "module": "tlo.methods.healthsystem", "key": "message", "level": "WARNING", "columns": {"message": "str"}, "description": null}
{"uuid": "1e86f25803", "date": "2010-08-16T00:00:00", "values": ["Tb_Test_Screening actual_footprint requires differentofficers than expected_footprint."]}
{"uuid": "90f526bf10", "date": "2010-08-22T00:00:00", "values": ["This event should not be running, Hiv_DecisionToContinueTreatment is for those already on tx"]}
{"uuid": "d5de3a8063", "date": "2010-10-01T00:00:00", "values": ["2024-06-29T01:18:16.871697", 20.53079537153244, 51145, 52000]}
{"uuid": "dc8474b6b3", "date": "2010-11-30T00:00:00", "values": ["Increased capacity of population dataframe to 53000"]}
{"uuid": "63d828121b", "date": "2010-12-10T00:00:00", "values": ["rt disability < 0 in rti_alter_daly_post_treatment"]}
{"uuid": "d5de3a8063", "date": "2011-01-01T00:00:00", "values": ["2024-06-29T01:40:54.470910", 22.626653556029, 51555, 53000]}
{"uuid": "63d828121b", "date": "2011-01-10T00:00:00", "values": ["rt disability < 0 in rti_alter_daly_post_treatment"]}
{"uuid": "d5de3a8063", "date": "2011-04-01T00:00:00", "values": ["2024-06-29T02:06:28.554597", 25.568061443169913, 51924, 53000]}
{"uuid": "90f526bf10", "date": "2011-04-14T00:00:00", "values": ["This event should not be running, Hiv_DecisionToContinueTreatment is for those already on tx"]}
{"uuid": "90f526bf10", "date": "2011-04-17T00:00:00", "values": ["This event should not be running, Hiv_DecisionToContinueTreatment is for those already on tx"]}
{"uuid": "dc8474b6b3", "date": "2011-05-04T00:00:00", "values": ["Increased capacity of population dataframe to 54000"]}
{"uuid": "63d828121b", "date": "2011-05-10T00:00:00", "values": ["rt disability < 0 in rti_alter_daly_post_treatment"]}
{"uuid": "63d828121b", "date": "2011-05-10T00:00:00", "values": ["rt disability < 0 in rti_alter_daly_post_treatment"]}
{"uuid": "90f526bf10", "date": "2011-05-15T00:00:00", "values": ["This event should not be running, Hiv_DecisionToContinueTreatment is for those already on tx"]}
{"uuid": "90f526bf10", "date": "2011-05-23T00:00:00", "values": ["This event should not be running, Hiv_DecisionToContinueTreatment is for those already on tx"]}
{"uuid": "90f526bf10", "date": "2011-06-03T00:00:00", "values": ["This event should not be running, Hiv_DecisionToContinueTreatment is for those already on tx"]}
{"uuid": "d5de3a8063", "date": "2011-07-01T00:00:00", "values": ["2024-06-29T02:30:34.028521", 24.091232069333394, 52281, 54000]}
{"uuid": "90f526bf10", "date": "2011-07-18T00:00:00", "values": ["This event should not be running, Hiv_DecisionToContinueTreatment is for those already on tx"]}
{"uuid": "90f526bf10", "date": "2011-07-22T00:00:00", "values": ["This event should not be running, Hiv_DecisionToContinueTreatment is for those already on tx"]}
{"uuid": "90f526bf10", "date": "2011-07-25T00:00:00", "values": ["This event should not be running, Hiv_DecisionToContinueTreatment is for those already on tx"]}
{"uuid": "90f526bf10", "date": "2011-07-28T00:00:00", "values": ["This event should not be running, Hiv_DecisionToContinueTreatment is for those already on tx"]}
{"uuid": "90f526bf10", "date": "2011-08-25T00:00:00", "values": ["This event should not be running, Hiv_DecisionToContinueTreatment is for those already on tx"]}
{"uuid": "90f526bf10", "date": "2011-09-05T00:00:00", "values": ["This event should not be running, Hiv_DecisionToContinueTreatment is for those already on tx"]}
{"uuid": "d5de3a8063", "date": "2011-10-01T00:00:00", "values": ["2024-06-29T02:54:07.613813", 23.55975487232208, 52706, 54000]}
{"uuid": "63d828121b", "date": "2011-10-10T00:00:00", "values": ["rt disability < 0 in rti_alter_daly_post_treatment"]}
{"uuid": "1e86f25803", "date": "2011-10-15T00:00:00", "values": ["Tb_Test_FollowUp actual_footprint requires differentofficers than expected_footprint."]}
{"uuid": "90f526bf10", "date": "2011-10-30T00:00:00", "values": ["This event should not be running, Hiv_DecisionToContinueTreatment is for those already on tx"]}
{"uuid": "dc8474b6b3", "date": "2011-10-30T00:00:00", "values": ["Increased capacity of population dataframe to 55000"]}
{"uuid": "63d828121b", "date": "2011-12-07T00:00:00", "values": ["rt disability < 0 in rti_alter_daly_post_treatment"]}
{"uuid": "d5de3a8063", "date": "2012-01-01T00:00:00", "values": ["2024-06-29T03:17:32.175002", 23.409353125095368, 53111, 55000]}
{"uuid": "63d828121b", "date": "2012-02-09T00:00:00", "values": ["rt disability < 0 in rti_alter_daly_post_treatment"]}
{"uuid": "d5de3a8063", "date": "2012-04-01T00:00:00", "values": ["2024-06-29T03:44:03.088775", 26.515229550997415, 53550, 55000]}
{"uuid": "dc8474b6b3", "date": "2012-04-06T00:00:00", "values": ["Increased capacity of population dataframe to 56000"]}
{"uuid": "90f526bf10", "date": "2012-05-12T00:00:00", "values": ["This event should not be running, Hiv_DecisionToContinueTreatment is for those already on tx"]}
{"uuid": "90f526bf10", "date": "2012-05-15T00:00:00", "values": ["This event should not be running, Hiv_DecisionToContinueTreatment is for those already on tx"]}
{"uuid": "90f526bf10", "date": "2012-05-19T00:00:00", "values": ["This event should not be running, Hiv_DecisionToContinueTreatment is for those already on tx"]}
{"uuid": "90f526bf10", "date": "2012-06-12T00:00:00", "values": ["This event should not be running, Hiv_DecisionToContinueTreatment is for those already on tx"]}
{"uuid": "d5de3a8063", "date": "2012-07-01T00:00:00", "values": ["2024-06-29T04:09:29.293491", 25.43674528201421, 53988, 56000]}
{"uuid": "90f526bf10", "date": "2012-07-02T00:00:00", "values": ["This event should not be running, Hiv_DecisionToContinueTreatment is for those already on tx"]}
{"uuid": "90f526bf10", "date": "2012-07-30T00:00:00", "values": ["This event should not be running, Hiv_DecisionToContinueTreatment is for those already on tx"]}
{"uuid": "90f526bf10", "date": "2012-08-01T00:00:00", "values": ["This event should not be running, Hiv_DecisionToContinueTreatment is for those already on tx"]}
{"uuid": "90f526bf10", "date": "2012-08-15T00:00:00", "values": ["This event should not be running, Hiv_DecisionToContinueTreatment is for those already on tx"]}
{"uuid": "90f526bf10", "date": "2012-08-26T00:00:00", "values": ["This event should not be running, Hiv_DecisionToContinueTreatment is for those already on tx"]}
{"uuid": "dc8474b6b3", "date": "2012-09-21T00:00:00", "values": ["Increased capacity of population dataframe to 57000"]}
{"uuid": "d5de3a8063", "date": "2012-10-01T00:00:00", "values": ["2024-06-29T04:33:39.348894", 24.167590034008025, 54374, 57000]}
{"uuid": "90f526bf10", "date": "2012-10-18T00:00:00", "values": ["This event should not be running, Hiv_DecisionToContinueTreatment is for those already on tx"]}
{"uuid": "90f526bf10", "date": "2012-10-21T00:00:00", "values": ["This event should not be running, Hiv_DecisionToContinueTreatment is for those already on tx"]}
{"uuid": "1e86f25803", "date": "2012-10-31T00:00:00", "values": ["Tb_Test_Screening actual_footprint requires differentofficers than expected_footprint."]}
{"uuid": "1e86f25803", "date": "2012-11-30T00:00:00", "values": ["Tb_Test_FollowUp actual_footprint requires differentofficers than expected_footprint."]}
{"uuid": "d5de3a8063", "date": "2013-01-01T00:00:00", "values": ["2024-06-29T04:57:00.454922", 23.351767142613728, 54813, 57000]}
{"uuid": "90f526bf10", "date": "2013-01-09T00:00:00", "values": ["This event should not be running, Hiv_DecisionToContinueTreatment is for those already on tx"]}
{"uuid": "63d828121b", "date": "2013-01-10T00:00:00", "values": ["rt disability < 0 in rti_alter_daly_post_treatment"]}
{"uuid": "1e86f25803", "date": "2013-02-06T00:00:00", "values": ["Tb_Test_FollowUp actual_footprint requires differentofficers than expected_footprint."]}
{"uuid": "63d828121b", "date": "2013-02-09T00:00:00", "values": ["rt disability < 0 in rti_alter_daly_post_treatment"]}
{"uuid": "dc8474b6b3", "date": "2013-03-03T00:00:00", "values": ["Increased capacity of population dataframe to 58000"]}
{"uuid": "90f526bf10", "date": "2013-03-31T00:00:00", "values": ["This event should not be running, Hiv_DecisionToContinueTreatment is for those already on tx"]}
{"uuid": "d5de3a8063", "date": "2013-04-01T00:00:00", "values": ["2024-06-29T05:22:53.902452", 25.890792135397593, 55245, 58000]}
{"uuid": "63d828121b", "date": "2013-05-10T00:00:00", "values": ["rt disability < 0 in rti_alter_daly_post_treatment"]}
{"uuid": "d5de3a8063", "date": "2013-07-01T00:00:00", "values": ["2024-06-29T05:48:30.874968", 25.616208644708, 55686, 58000]}
{"uuid": "90f526bf10", "date": "2013-07-11T00:00:00", "values": ["This event should not be running, Hiv_DecisionToContinueTreatment is for those already on tx"]}
{"uuid": "dc8474b6b3", "date": "2013-08-10T00:00:00", "values": ["Increased capacity of population dataframe to 59000"]}
{"uuid": "90f526bf10", "date": "2013-08-15T00:00:00", "values": ["This event should not be running, Hiv_DecisionToContinueTreatment is for those already on tx"]}
{"uuid": "90f526bf10", "date": "2013-08-25T00:00:00", "values": ["This event should not be running, Hiv_DecisionToContinueTreatment is for those already on tx"]}
{"uuid": "d5de3a8063", "date": "2013-10-01T00:00:00", "values": ["2024-06-29T06:14:39.268665", 26.13989492257436, 56114, 59000]}
{"uuid": "90f526bf10", "date": "2013-12-01T00:00:00", "values": ["This event should not be running, Hiv_DecisionToContinueTreatment is for those already on tx"]}
{"uuid": "d5de3a8063", "date": "2014-01-01T00:00:00", "values": ["2024-06-29T06:39:18.509570", 24.654015096028647, 56602, 59000]}
{"uuid": "1e86f25803", "date": "2014-01-10T00:00:00", "values": ["Tb_Test_Screening actual_footprint requires differentofficers than expected_footprint."]}
{"uuid": "dc8474b6b3", "date": "2014-01-12T00:00:00", "values": ["Increased capacity of population dataframe to 60000"]}
{"uuid": "90f526bf10", "date": "2014-03-04T00:00:00", "values": ["This event should not be running, Hiv_DecisionToContinueTreatment is for those already on tx"]}
{"uuid": "d5de3a8063", "date": "2014-04-01T00:00:00", "values": ["2024-06-29T07:08:07.010795", 28.80835376183192, 57112, 60000]}
{"uuid": "90f526bf10", "date": "2014-05-08T00:00:00", "values": ["This event should not be running, Hiv_DecisionToContinueTreatment is for those already on tx"]}
{"uuid": "90f526bf10", "date": "2014-05-16T00:00:00", "values": ["This event should not be running, Hiv_DecisionToContinueTreatment is for those already on tx"]}
{"uuid": "dc8474b6b3", "date": "2014-06-03T00:00:00", "values": ["Increased capacity of population dataframe to 61000"]}
{"uuid": "90f526bf10", "date": "2014-06-30T00:00:00", "values": ["This event should not be running, Hiv_DecisionToContinueTreatment is for those already on tx"]}
{"uuid": "d5de3a8063", "date": "2014-07-01T00:00:00", "values": ["2024-06-29T07:35:04.158906", 26.952468514442444, 57554, 61000]}
{"uuid": "90f526bf10", "date": "2014-07-15T00:00:00", "values": ["This event should not be running, Hiv_DecisionToContinueTreatment is for those already on tx"]}
{"uuid": "90f526bf10", "date": "2014-07-21T00:00:00", "values": ["This event should not be running, Hiv_DecisionToContinueTreatment is for those already on tx"]}
{"uuid": "90f526bf10", "date": "2014-07-25T00:00:00", "values": ["This event should not be running, Hiv_DecisionToContinueTreatment is for those already on tx"]}
{"uuid": "90f526bf10", "date": "2014-08-06T00:00:00", "values": ["This event should not be running, Hiv_DecisionToContinueTreatment is for those already on tx"]}
{"uuid": "90f526bf10", "date": "2014-08-20T00:00:00", "values": ["This event should not be running, Hiv_DecisionToContinueTreatment is for those already on tx"]}
{"uuid": "90f526bf10", "date": "2014-09-10T00:00:00", "values": ["This event should not be running, Hiv_DecisionToContinueTreatment is for those already on tx"]}
{"uuid": "d5de3a8063", "date": "2014-10-01T00:00:00", "values": ["2024-06-29T08:02:34.170652", 27.500195709864297, 58010, 61000]}
{"uuid": "90f526bf10", "date": "2014-10-11T00:00:00", "values": ["This event should not be running, Hiv_DecisionToContinueTreatment is for those already on tx"]}
{"uuid": "90f526bf10", "date": "2014-11-01T00:00:00", "values": ["This event should not be running, Hiv_DecisionToContinueTreatment is for those already on tx"]}
{"uuid": "dc8474b6b3", "date": "2014-11-06T00:00:00", "values": ["Increased capacity of population dataframe to 62000"]}
{"uuid": "b07716682c", "date": "2015-01-01T00:00:00", "values": ["simulate() 29339.003281116486 s"]}
